{"/Users/lucas.fernandez/Documents/lucas/github/geco-afip/src/controllers/invoice.controller.ts": {"path":"/Users/lucas.fernandez/Documents/lucas/github/geco-afip/src/controllers/invoice.controller.ts","all":false,"statementMap":{"0":{"start":{"line":1,"column":0},"end":{"line":1,"column":44}},"11":{"start":{"line":12,"column":0},"end":{"line":12,"column":69}},"12":{"start":{"line":13,"column":0},"end":{"line":13,"column":7}},"13":{"start":{"line":14,"column":0},"end":{"line":14,"column":51}},"15":{"start":{"line":16,"column":0},"end":{"line":16,"column":97}},"18":{"start":{"line":19,"column":0},"end":{"line":19,"column":70}},"19":{"start":{"line":20,"column":0},"end":{"line":20,"column":35}},"20":{"start":{"line":21,"column":0},"end":{"line":21,"column":23}},"21":{"start":{"line":22,"column":0},"end":{"line":22,"column":72}},"22":{"start":{"line":23,"column":0},"end":{"line":23,"column":9}},"23":{"start":{"line":24,"column":0},"end":{"line":24,"column":5}},"26":{"start":{"line":27,"column":0},"end":{"line":27,"column":85}},"27":{"start":{"line":28,"column":0},"end":{"line":28,"column":20}},"28":{"start":{"line":29,"column":0},"end":{"line":29,"column":35}},"29":{"start":{"line":30,"column":0},"end":{"line":30,"column":23}},"30":{"start":{"line":31,"column":0},"end":{"line":31,"column":74}},"31":{"start":{"line":32,"column":0},"end":{"line":32,"column":9}},"32":{"start":{"line":33,"column":0},"end":{"line":33,"column":5}},"35":{"start":{"line":36,"column":0},"end":{"line":36,"column":63}},"37":{"start":{"line":38,"column":0},"end":{"line":38,"column":25}},"38":{"start":{"line":39,"column":0},"end":{"line":39,"column":73}},"39":{"start":{"line":40,"column":0},"end":{"line":40,"column":30}},"40":{"start":{"line":41,"column":0},"end":{"line":41,"column":12}},"41":{"start":{"line":42,"column":0},"end":{"line":42,"column":67}},"42":{"start":{"line":43,"column":0},"end":{"line":43,"column":42}},"43":{"start":{"line":44,"column":0},"end":{"line":44,"column":5}},"44":{"start":{"line":45,"column":0},"end":{"line":45,"column":24}},"45":{"start":{"line":46,"column":0},"end":{"line":46,"column":73}},"46":{"start":{"line":47,"column":0},"end":{"line":47,"column":33}},"47":{"start":{"line":48,"column":0},"end":{"line":48,"column":21}},"48":{"start":{"line":49,"column":0},"end":{"line":49,"column":42}},"49":{"start":{"line":50,"column":0},"end":{"line":50,"column":7}},"50":{"start":{"line":51,"column":0},"end":{"line":51,"column":3}},"51":{"start":{"line":52,"column":0},"end":{"line":52,"column":1}},"56":{"start":{"line":57,"column":0},"end":{"line":57,"column":71}},"57":{"start":{"line":58,"column":0},"end":{"line":58,"column":7}},"58":{"start":{"line":59,"column":0},"end":{"line":59,"column":66}},"60":{"start":{"line":61,"column":0},"end":{"line":61,"column":84}},"62":{"start":{"line":63,"column":0},"end":{"line":63,"column":55}},"63":{"start":{"line":64,"column":0},"end":{"line":64,"column":35}},"64":{"start":{"line":65,"column":0},"end":{"line":65,"column":23}},"65":{"start":{"line":66,"column":0},"end":{"line":66,"column":84}},"66":{"start":{"line":67,"column":0},"end":{"line":67,"column":9}},"67":{"start":{"line":68,"column":0},"end":{"line":68,"column":5}},"70":{"start":{"line":71,"column":0},"end":{"line":71,"column":98}},"72":{"start":{"line":73,"column":0},"end":{"line":73,"column":25}},"73":{"start":{"line":74,"column":0},"end":{"line":74,"column":76}},"74":{"start":{"line":75,"column":0},"end":{"line":75,"column":30}},"75":{"start":{"line":76,"column":0},"end":{"line":76,"column":12}},"76":{"start":{"line":77,"column":0},"end":{"line":77,"column":68}},"77":{"start":{"line":78,"column":0},"end":{"line":78,"column":42}},"78":{"start":{"line":79,"column":0},"end":{"line":79,"column":5}},"79":{"start":{"line":80,"column":0},"end":{"line":80,"column":24}},"80":{"start":{"line":81,"column":0},"end":{"line":81,"column":75}},"81":{"start":{"line":82,"column":0},"end":{"line":82,"column":33}},"82":{"start":{"line":83,"column":0},"end":{"line":83,"column":21}},"83":{"start":{"line":84,"column":0},"end":{"line":84,"column":42}},"84":{"start":{"line":85,"column":0},"end":{"line":85,"column":7}},"85":{"start":{"line":86,"column":0},"end":{"line":86,"column":3}},"86":{"start":{"line":87,"column":0},"end":{"line":87,"column":1}},"91":{"start":{"line":92,"column":0},"end":{"line":92,"column":67}},"92":{"start":{"line":93,"column":0},"end":{"line":93,"column":7}},"93":{"start":{"line":94,"column":0},"end":{"line":94,"column":43}},"94":{"start":{"line":95,"column":0},"end":{"line":95,"column":44}},"96":{"start":{"line":97,"column":0},"end":{"line":97,"column":16}},"97":{"start":{"line":98,"column":0},"end":{"line":98,"column":94}},"98":{"start":{"line":99,"column":0},"end":{"line":99,"column":6}},"100":{"start":{"line":101,"column":0},"end":{"line":101,"column":55}},"101":{"start":{"line":102,"column":0},"end":{"line":102,"column":35}},"102":{"start":{"line":103,"column":0},"end":{"line":103,"column":23}},"103":{"start":{"line":104,"column":0},"end":{"line":104,"column":82}},"104":{"start":{"line":105,"column":0},"end":{"line":105,"column":9}},"105":{"start":{"line":106,"column":0},"end":{"line":106,"column":5}},"107":{"start":{"line":108,"column":0},"end":{"line":108,"column":53}},"108":{"start":{"line":109,"column":0},"end":{"line":109,"column":49}},"109":{"start":{"line":110,"column":0},"end":{"line":110,"column":27}},"110":{"start":{"line":111,"column":0},"end":{"line":111,"column":35}},"111":{"start":{"line":112,"column":0},"end":{"line":112,"column":42}},"112":{"start":{"line":113,"column":0},"end":{"line":113,"column":7}},"114":{"start":{"line":115,"column":0},"end":{"line":115,"column":28}},"115":{"start":{"line":116,"column":0},"end":{"line":116,"column":24}},"116":{"start":{"line":117,"column":0},"end":{"line":117,"column":71}},"117":{"start":{"line":118,"column":0},"end":{"line":118,"column":33}},"118":{"start":{"line":119,"column":0},"end":{"line":119,"column":21}},"119":{"start":{"line":120,"column":0},"end":{"line":120,"column":42}},"120":{"start":{"line":121,"column":0},"end":{"line":121,"column":7}},"121":{"start":{"line":122,"column":0},"end":{"line":122,"column":3}},"122":{"start":{"line":123,"column":0},"end":{"line":123,"column":1}},"127":{"start":{"line":128,"column":0},"end":{"line":128,"column":64}},"128":{"start":{"line":129,"column":0},"end":{"line":129,"column":7}},"129":{"start":{"line":130,"column":0},"end":{"line":130,"column":43}},"131":{"start":{"line":132,"column":0},"end":{"line":132,"column":25}},"132":{"start":{"line":133,"column":0},"end":{"line":133,"column":30}},"133":{"start":{"line":134,"column":0},"end":{"line":134,"column":19}},"134":{"start":{"line":135,"column":0},"end":{"line":135,"column":42}},"135":{"start":{"line":136,"column":0},"end":{"line":136,"column":6}},"138":{"start":{"line":139,"column":0},"end":{"line":139,"column":29}},"139":{"start":{"line":140,"column":0},"end":{"line":140,"column":55}},"140":{"start":{"line":141,"column":0},"end":{"line":141,"column":39}},"141":{"start":{"line":142,"column":0},"end":{"line":142,"column":22}},"142":{"start":{"line":143,"column":0},"end":{"line":143,"column":8}},"143":{"start":{"line":144,"column":0},"end":{"line":144,"column":58}},"144":{"start":{"line":145,"column":0},"end":{"line":145,"column":5}},"146":{"start":{"line":147,"column":0},"end":{"line":147,"column":28}},"147":{"start":{"line":148,"column":0},"end":{"line":148,"column":24}},"148":{"start":{"line":149,"column":0},"end":{"line":149,"column":68}},"149":{"start":{"line":150,"column":0},"end":{"line":150,"column":33}},"150":{"start":{"line":151,"column":0},"end":{"line":151,"column":30}},"151":{"start":{"line":152,"column":0},"end":{"line":152,"column":22}},"152":{"start":{"line":153,"column":0},"end":{"line":153,"column":27}},"153":{"start":{"line":154,"column":0},"end":{"line":154,"column":7}},"154":{"start":{"line":155,"column":0},"end":{"line":155,"column":3}},"155":{"start":{"line":156,"column":0},"end":{"line":156,"column":1}},"160":{"start":{"line":161,"column":0},"end":{"line":161,"column":70}},"161":{"start":{"line":162,"column":0},"end":{"line":162,"column":7}},"162":{"start":{"line":163,"column":0},"end":{"line":163,"column":63}},"164":{"start":{"line":165,"column":0},"end":{"line":165,"column":93}},"166":{"start":{"line":167,"column":0},"end":{"line":167,"column":45}},"167":{"start":{"line":168,"column":0},"end":{"line":168,"column":35}},"168":{"start":{"line":169,"column":0},"end":{"line":169,"column":23}},"169":{"start":{"line":170,"column":0},"end":{"line":170,"column":71}},"170":{"start":{"line":171,"column":0},"end":{"line":171,"column":9}},"171":{"start":{"line":172,"column":0},"end":{"line":172,"column":5}},"174":{"start":{"line":175,"column":0},"end":{"line":175,"column":55}},"177":{"start":{"line":178,"column":0},"end":{"line":178,"column":67}},"178":{"start":{"line":179,"column":0},"end":{"line":179,"column":17}},"179":{"start":{"line":180,"column":0},"end":{"line":180,"column":11}},"180":{"start":{"line":181,"column":0},"end":{"line":181,"column":16}},"181":{"start":{"line":182,"column":0},"end":{"line":182,"column":20}},"182":{"start":{"line":183,"column":0},"end":{"line":183,"column":6}},"184":{"start":{"line":185,"column":0},"end":{"line":185,"column":17}},"185":{"start":{"line":186,"column":0},"end":{"line":186,"column":23}},"186":{"start":{"line":187,"column":0},"end":{"line":187,"column":22}},"187":{"start":{"line":188,"column":0},"end":{"line":188,"column":53}},"188":{"start":{"line":189,"column":0},"end":{"line":189,"column":9}},"189":{"start":{"line":190,"column":0},"end":{"line":190,"column":12}},"190":{"start":{"line":191,"column":0},"end":{"line":191,"column":35}},"191":{"start":{"line":192,"column":0},"end":{"line":192,"column":23}},"192":{"start":{"line":193,"column":0},"end":{"line":193,"column":49}},"193":{"start":{"line":194,"column":0},"end":{"line":194,"column":9}},"194":{"start":{"line":195,"column":0},"end":{"line":195,"column":5}},"195":{"start":{"line":196,"column":0},"end":{"line":196,"column":24}},"196":{"start":{"line":197,"column":0},"end":{"line":197,"column":74}},"197":{"start":{"line":198,"column":0},"end":{"line":198,"column":33}},"198":{"start":{"line":199,"column":0},"end":{"line":199,"column":21}},"199":{"start":{"line":200,"column":0},"end":{"line":200,"column":42}},"200":{"start":{"line":201,"column":0},"end":{"line":201,"column":7}},"201":{"start":{"line":202,"column":0},"end":{"line":202,"column":3}},"202":{"start":{"line":203,"column":0},"end":{"line":203,"column":1}},"207":{"start":{"line":208,"column":0},"end":{"line":208,"column":64}},"208":{"start":{"line":209,"column":0},"end":{"line":209,"column":7}},"209":{"start":{"line":210,"column":0},"end":{"line":210,"column":60}},"211":{"start":{"line":212,"column":0},"end":{"line":212,"column":87}},"213":{"start":{"line":214,"column":0},"end":{"line":214,"column":52}},"214":{"start":{"line":215,"column":0},"end":{"line":215,"column":35}},"215":{"start":{"line":216,"column":0},"end":{"line":216,"column":23}},"216":{"start":{"line":217,"column":0},"end":{"line":217,"column":78}},"217":{"start":{"line":218,"column":0},"end":{"line":218,"column":9}},"218":{"start":{"line":219,"column":0},"end":{"line":219,"column":5}},"220":{"start":{"line":221,"column":0},"end":{"line":221,"column":89}},"222":{"start":{"line":223,"column":0},"end":{"line":223,"column":14}},"223":{"start":{"line":224,"column":0},"end":{"line":224,"column":23}},"224":{"start":{"line":225,"column":0},"end":{"line":225,"column":22}},"225":{"start":{"line":226,"column":0},"end":{"line":226,"column":12}},"226":{"start":{"line":227,"column":0},"end":{"line":227,"column":9}},"227":{"start":{"line":228,"column":0},"end":{"line":228,"column":12}},"228":{"start":{"line":229,"column":0},"end":{"line":229,"column":35}},"229":{"start":{"line":230,"column":0},"end":{"line":230,"column":23}},"230":{"start":{"line":231,"column":0},"end":{"line":231,"column":38}},"231":{"start":{"line":232,"column":0},"end":{"line":232,"column":9}},"232":{"start":{"line":233,"column":0},"end":{"line":233,"column":5}},"233":{"start":{"line":234,"column":0},"end":{"line":234,"column":24}},"234":{"start":{"line":235,"column":0},"end":{"line":235,"column":68}},"235":{"start":{"line":236,"column":0},"end":{"line":236,"column":33}},"236":{"start":{"line":237,"column":0},"end":{"line":237,"column":21}},"237":{"start":{"line":238,"column":0},"end":{"line":238,"column":42}},"238":{"start":{"line":239,"column":0},"end":{"line":239,"column":7}},"239":{"start":{"line":240,"column":0},"end":{"line":240,"column":3}},"240":{"start":{"line":241,"column":0},"end":{"line":241,"column":1}},"245":{"start":{"line":246,"column":0},"end":{"line":246,"column":77}},"246":{"start":{"line":247,"column":0},"end":{"line":247,"column":7}},"247":{"start":{"line":248,"column":0},"end":{"line":248,"column":63}},"249":{"start":{"line":250,"column":0},"end":{"line":250,"column":89}},"251":{"start":{"line":252,"column":0},"end":{"line":252,"column":36}},"252":{"start":{"line":253,"column":0},"end":{"line":253,"column":35}},"253":{"start":{"line":254,"column":0},"end":{"line":254,"column":23}},"254":{"start":{"line":255,"column":0},"end":{"line":255,"column":65}},"255":{"start":{"line":256,"column":0},"end":{"line":256,"column":9}},"256":{"start":{"line":257,"column":0},"end":{"line":257,"column":5}},"259":{"start":{"line":260,"column":0},"end":{"line":260,"column":55}},"263":{"start":{"line":264,"column":0},"end":{"line":264,"column":67}},"264":{"start":{"line":265,"column":0},"end":{"line":265,"column":17}},"265":{"start":{"line":266,"column":0},"end":{"line":266,"column":16}},"266":{"start":{"line":267,"column":0},"end":{"line":267,"column":30}},"267":{"start":{"line":268,"column":0},"end":{"line":268,"column":54}},"268":{"start":{"line":269,"column":0},"end":{"line":269,"column":6}},"270":{"start":{"line":271,"column":0},"end":{"line":271,"column":17}},"271":{"start":{"line":272,"column":0},"end":{"line":272,"column":23}},"272":{"start":{"line":273,"column":0},"end":{"line":273,"column":22}},"273":{"start":{"line":274,"column":0},"end":{"line":274,"column":99}},"274":{"start":{"line":275,"column":0},"end":{"line":275,"column":9}},"275":{"start":{"line":276,"column":0},"end":{"line":276,"column":12}},"276":{"start":{"line":277,"column":0},"end":{"line":277,"column":35}},"277":{"start":{"line":278,"column":0},"end":{"line":278,"column":23}},"278":{"start":{"line":279,"column":0},"end":{"line":279,"column":49}},"279":{"start":{"line":280,"column":0},"end":{"line":280,"column":9}},"280":{"start":{"line":281,"column":0},"end":{"line":281,"column":5}},"281":{"start":{"line":282,"column":0},"end":{"line":282,"column":24}},"282":{"start":{"line":283,"column":0},"end":{"line":283,"column":81}},"283":{"start":{"line":284,"column":0},"end":{"line":284,"column":33}},"284":{"start":{"line":285,"column":0},"end":{"line":285,"column":21}},"285":{"start":{"line":286,"column":0},"end":{"line":286,"column":59}},"286":{"start":{"line":287,"column":0},"end":{"line":287,"column":7}},"287":{"start":{"line":288,"column":0},"end":{"line":288,"column":3}},"288":{"start":{"line":289,"column":0},"end":{"line":289,"column":1}},"293":{"start":{"line":294,"column":0},"end":{"line":294,"column":80}},"294":{"start":{"line":295,"column":0},"end":{"line":295,"column":7}},"295":{"start":{"line":296,"column":0},"end":{"line":296,"column":68}},"297":{"start":{"line":298,"column":0},"end":{"line":298,"column":99}},"299":{"start":{"line":300,"column":0},"end":{"line":300,"column":50}},"300":{"start":{"line":301,"column":0},"end":{"line":301,"column":35}},"301":{"start":{"line":302,"column":0},"end":{"line":302,"column":23}},"302":{"start":{"line":303,"column":0},"end":{"line":303,"column":76}},"303":{"start":{"line":304,"column":0},"end":{"line":304,"column":9}},"304":{"start":{"line":305,"column":0},"end":{"line":305,"column":5}},"307":{"start":{"line":308,"column":0},"end":{"line":308,"column":55}},"308":{"start":{"line":309,"column":0},"end":{"line":309,"column":55}},"312":{"start":{"line":313,"column":0},"end":{"line":313,"column":70}},"313":{"start":{"line":314,"column":0},"end":{"line":314,"column":17}},"314":{"start":{"line":315,"column":0},"end":{"line":315,"column":16}},"315":{"start":{"line":316,"column":0},"end":{"line":316,"column":16}},"316":{"start":{"line":317,"column":0},"end":{"line":317,"column":29}},"317":{"start":{"line":318,"column":0},"end":{"line":318,"column":6}},"319":{"start":{"line":320,"column":0},"end":{"line":320,"column":17}},"320":{"start":{"line":321,"column":0},"end":{"line":321,"column":23}},"321":{"start":{"line":322,"column":0},"end":{"line":322,"column":22}},"322":{"start":{"line":323,"column":0},"end":{"line":323,"column":71}},"323":{"start":{"line":324,"column":0},"end":{"line":324,"column":9}},"324":{"start":{"line":325,"column":0},"end":{"line":325,"column":12}},"325":{"start":{"line":326,"column":0},"end":{"line":326,"column":35}},"326":{"start":{"line":327,"column":0},"end":{"line":327,"column":23}},"327":{"start":{"line":328,"column":0},"end":{"line":328,"column":65}},"328":{"start":{"line":329,"column":0},"end":{"line":329,"column":9}},"329":{"start":{"line":330,"column":0},"end":{"line":330,"column":5}},"330":{"start":{"line":331,"column":0},"end":{"line":331,"column":24}},"331":{"start":{"line":332,"column":0},"end":{"line":332,"column":84}},"332":{"start":{"line":333,"column":0},"end":{"line":333,"column":33}},"333":{"start":{"line":334,"column":0},"end":{"line":334,"column":21}},"334":{"start":{"line":335,"column":0},"end":{"line":335,"column":59}},"335":{"start":{"line":336,"column":0},"end":{"line":336,"column":7}},"336":{"start":{"line":337,"column":0},"end":{"line":337,"column":3}},"337":{"start":{"line":338,"column":0},"end":{"line":338,"column":1}},"342":{"start":{"line":343,"column":0},"end":{"line":343,"column":68}},"343":{"start":{"line":344,"column":0},"end":{"line":344,"column":7}},"344":{"start":{"line":345,"column":0},"end":{"line":345,"column":48}},"346":{"start":{"line":347,"column":0},"end":{"line":347,"column":87}},"348":{"start":{"line":349,"column":0},"end":{"line":349,"column":36}},"349":{"start":{"line":350,"column":0},"end":{"line":350,"column":35}},"350":{"start":{"line":351,"column":0},"end":{"line":351,"column":23}},"351":{"start":{"line":352,"column":0},"end":{"line":352,"column":69}},"352":{"start":{"line":353,"column":0},"end":{"line":353,"column":9}},"353":{"start":{"line":354,"column":0},"end":{"line":354,"column":5}},"355":{"start":{"line":356,"column":0},"end":{"line":356,"column":57}},"356":{"start":{"line":357,"column":0},"end":{"line":357,"column":45}},"357":{"start":{"line":358,"column":0},"end":{"line":358,"column":76}},"360":{"start":{"line":361,"column":0},"end":{"line":361,"column":39}},"362":{"start":{"line":363,"column":0},"end":{"line":363,"column":68}},"363":{"start":{"line":364,"column":0},"end":{"line":364,"column":30}},"364":{"start":{"line":365,"column":0},"end":{"line":365,"column":47}},"366":{"start":{"line":367,"column":0},"end":{"line":367,"column":86}},"367":{"start":{"line":368,"column":0},"end":{"line":368,"column":30}},"368":{"start":{"line":369,"column":0},"end":{"line":369,"column":12}},"369":{"start":{"line":370,"column":0},"end":{"line":370,"column":35}},"370":{"start":{"line":371,"column":0},"end":{"line":371,"column":23}},"371":{"start":{"line":372,"column":0},"end":{"line":372,"column":94}},"372":{"start":{"line":373,"column":0},"end":{"line":373,"column":9}},"373":{"start":{"line":374,"column":0},"end":{"line":374,"column":5}},"374":{"start":{"line":375,"column":0},"end":{"line":375,"column":24}},"375":{"start":{"line":376,"column":0},"end":{"line":376,"column":72}},"376":{"start":{"line":377,"column":0},"end":{"line":377,"column":33}},"377":{"start":{"line":378,"column":0},"end":{"line":378,"column":21}},"378":{"start":{"line":379,"column":0},"end":{"line":379,"column":59}},"379":{"start":{"line":380,"column":0},"end":{"line":380,"column":7}},"380":{"start":{"line":381,"column":0},"end":{"line":381,"column":3}},"381":{"start":{"line":382,"column":0},"end":{"line":382,"column":1}},"387":{"start":{"line":388,"column":0},"end":{"line":388,"column":63}},"388":{"start":{"line":389,"column":0},"end":{"line":389,"column":7}},"389":{"start":{"line":390,"column":0},"end":{"line":390,"column":46}},"391":{"start":{"line":392,"column":0},"end":{"line":392,"column":16}},"392":{"start":{"line":393,"column":0},"end":{"line":393,"column":92}},"393":{"start":{"line":394,"column":0},"end":{"line":394,"column":6}},"395":{"start":{"line":396,"column":0},"end":{"line":396,"column":47}},"397":{"start":{"line":398,"column":0},"end":{"line":398,"column":32}},"398":{"start":{"line":399,"column":0},"end":{"line":399,"column":80}},"399":{"start":{"line":400,"column":0},"end":{"line":400,"column":23}},"400":{"start":{"line":401,"column":0},"end":{"line":401,"column":22}},"401":{"start":{"line":402,"column":0},"end":{"line":402,"column":80}},"402":{"start":{"line":403,"column":0},"end":{"line":403,"column":9}},"403":{"start":{"line":404,"column":0},"end":{"line":404,"column":28}},"404":{"start":{"line":405,"column":0},"end":{"line":405,"column":61}},"405":{"start":{"line":406,"column":0},"end":{"line":406,"column":23}},"406":{"start":{"line":407,"column":0},"end":{"line":407,"column":22}},"407":{"start":{"line":408,"column":0},"end":{"line":408,"column":64}},"408":{"start":{"line":409,"column":0},"end":{"line":409,"column":9}},"409":{"start":{"line":410,"column":0},"end":{"line":410,"column":12}},"410":{"start":{"line":411,"column":0},"end":{"line":411,"column":31}},"411":{"start":{"line":412,"column":0},"end":{"line":412,"column":23}},"412":{"start":{"line":413,"column":0},"end":{"line":413,"column":22}},"413":{"start":{"line":414,"column":0},"end":{"line":414,"column":37}},"414":{"start":{"line":415,"column":0},"end":{"line":415,"column":9}},"415":{"start":{"line":416,"column":0},"end":{"line":416,"column":5}},"416":{"start":{"line":417,"column":0},"end":{"line":417,"column":24}},"417":{"start":{"line":418,"column":0},"end":{"line":418,"column":67}},"418":{"start":{"line":419,"column":0},"end":{"line":419,"column":33}},"419":{"start":{"line":420,"column":0},"end":{"line":420,"column":21}},"420":{"start":{"line":421,"column":0},"end":{"line":421,"column":36}},"421":{"start":{"line":422,"column":0},"end":{"line":422,"column":7}},"422":{"start":{"line":423,"column":0},"end":{"line":423,"column":3}},"423":{"start":{"line":424,"column":0},"end":{"line":424,"column":1}},"428":{"start":{"line":429,"column":0},"end":{"line":429,"column":67}},"429":{"start":{"line":430,"column":0},"end":{"line":430,"column":7}},"430":{"start":{"line":431,"column":0},"end":{"line":431,"column":37}},"432":{"start":{"line":433,"column":0},"end":{"line":433,"column":68}},"434":{"start":{"line":435,"column":0},"end":{"line":435,"column":22}},"435":{"start":{"line":436,"column":0},"end":{"line":436,"column":35}},"436":{"start":{"line":437,"column":0},"end":{"line":437,"column":23}},"437":{"start":{"line":438,"column":0},"end":{"line":438,"column":41}},"438":{"start":{"line":439,"column":0},"end":{"line":439,"column":9}},"439":{"start":{"line":440,"column":0},"end":{"line":440,"column":5}},"441":{"start":{"line":442,"column":0},"end":{"line":442,"column":84}},"442":{"start":{"line":443,"column":0},"end":{"line":443,"column":28}},"443":{"start":{"line":444,"column":0},"end":{"line":444,"column":24}},"444":{"start":{"line":445,"column":0},"end":{"line":445,"column":71}},"445":{"start":{"line":446,"column":0},"end":{"line":446,"column":33}},"446":{"start":{"line":447,"column":0},"end":{"line":447,"column":21}},"447":{"start":{"line":448,"column":0},"end":{"line":448,"column":59}},"448":{"start":{"line":449,"column":0},"end":{"line":449,"column":7}},"449":{"start":{"line":450,"column":0},"end":{"line":450,"column":3}},"450":{"start":{"line":451,"column":0},"end":{"line":451,"column":1}},"455":{"start":{"line":456,"column":0},"end":{"line":456,"column":71}},"456":{"start":{"line":457,"column":0},"end":{"line":457,"column":7}},"458":{"start":{"line":459,"column":0},"end":{"line":459,"column":95}},"460":{"start":{"line":461,"column":0},"end":{"line":461,"column":72}},"462":{"start":{"line":463,"column":0},"end":{"line":463,"column":22}},"463":{"start":{"line":464,"column":0},"end":{"line":464,"column":35}},"464":{"start":{"line":465,"column":0},"end":{"line":465,"column":23}},"465":{"start":{"line":466,"column":0},"end":{"line":466,"column":41}},"466":{"start":{"line":467,"column":0},"end":{"line":467,"column":9}},"467":{"start":{"line":468,"column":0},"end":{"line":468,"column":5}},"469":{"start":{"line":470,"column":0},"end":{"line":470,"column":25}},"470":{"start":{"line":471,"column":0},"end":{"line":471,"column":83}},"471":{"start":{"line":472,"column":0},"end":{"line":472,"column":80}},"473":{"start":{"line":474,"column":0},"end":{"line":474,"column":20}},"474":{"start":{"line":475,"column":0},"end":{"line":475,"column":23}},"475":{"start":{"line":476,"column":0},"end":{"line":476,"column":23}},"476":{"start":{"line":477,"column":0},"end":{"line":477,"column":22}},"477":{"start":{"line":478,"column":0},"end":{"line":478,"column":47}},"478":{"start":{"line":479,"column":0},"end":{"line":479,"column":9}},"479":{"start":{"line":480,"column":0},"end":{"line":480,"column":5}},"481":{"start":{"line":482,"column":0},"end":{"line":482,"column":21}},"482":{"start":{"line":483,"column":0},"end":{"line":483,"column":20}},"483":{"start":{"line":484,"column":0},"end":{"line":484,"column":19}},"484":{"start":{"line":485,"column":0},"end":{"line":485,"column":21}},"485":{"start":{"line":486,"column":0},"end":{"line":486,"column":7}},"486":{"start":{"line":487,"column":0},"end":{"line":487,"column":24}},"487":{"start":{"line":488,"column":0},"end":{"line":488,"column":75}},"488":{"start":{"line":489,"column":0},"end":{"line":489,"column":33}},"489":{"start":{"line":490,"column":0},"end":{"line":490,"column":21}},"490":{"start":{"line":491,"column":0},"end":{"line":491,"column":59}},"491":{"start":{"line":492,"column":0},"end":{"line":492,"column":7}},"492":{"start":{"line":493,"column":0},"end":{"line":493,"column":3}},"493":{"start":{"line":494,"column":0},"end":{"line":494,"column":1}},"498":{"start":{"line":499,"column":0},"end":{"line":499,"column":70}},"499":{"start":{"line":500,"column":0},"end":{"line":500,"column":7}},"500":{"start":{"line":501,"column":0},"end":{"line":501,"column":36}},"502":{"start":{"line":503,"column":0},"end":{"line":503,"column":70}},"504":{"start":{"line":505,"column":0},"end":{"line":505,"column":22}},"505":{"start":{"line":506,"column":0},"end":{"line":506,"column":35}},"506":{"start":{"line":507,"column":0},"end":{"line":507,"column":23}},"507":{"start":{"line":508,"column":0},"end":{"line":508,"column":41}},"508":{"start":{"line":509,"column":0},"end":{"line":509,"column":9}},"509":{"start":{"line":510,"column":0},"end":{"line":510,"column":5}},"512":{"start":{"line":513,"column":0},"end":{"line":513,"column":29}},"513":{"start":{"line":514,"column":0},"end":{"line":514,"column":33}},"514":{"start":{"line":515,"column":0},"end":{"line":515,"column":55}},"516":{"start":{"line":517,"column":0},"end":{"line":517,"column":71}},"518":{"start":{"line":519,"column":0},"end":{"line":519,"column":74}},"520":{"start":{"line":521,"column":0},"end":{"line":521,"column":33}},"522":{"start":{"line":523,"column":0},"end":{"line":523,"column":44}},"523":{"start":{"line":524,"column":0},"end":{"line":524,"column":33}},"524":{"start":{"line":525,"column":0},"end":{"line":525,"column":50}},"525":{"start":{"line":526,"column":0},"end":{"line":526,"column":32}},"526":{"start":{"line":527,"column":0},"end":{"line":527,"column":58}},"527":{"start":{"line":528,"column":0},"end":{"line":528,"column":7}},"530":{"start":{"line":531,"column":0},"end":{"line":531,"column":28}},"531":{"start":{"line":532,"column":0},"end":{"line":532,"column":60}},"533":{"start":{"line":534,"column":0},"end":{"line":534,"column":23}},"534":{"start":{"line":535,"column":0},"end":{"line":535,"column":22}},"535":{"start":{"line":536,"column":0},"end":{"line":536,"column":72}},"536":{"start":{"line":537,"column":0},"end":{"line":537,"column":9}},"537":{"start":{"line":538,"column":0},"end":{"line":538,"column":12}},"538":{"start":{"line":539,"column":0},"end":{"line":539,"column":79}},"539":{"start":{"line":540,"column":0},"end":{"line":540,"column":23}},"540":{"start":{"line":541,"column":0},"end":{"line":541,"column":22}},"541":{"start":{"line":542,"column":0},"end":{"line":542,"column":83}},"542":{"start":{"line":543,"column":0},"end":{"line":543,"column":9}},"543":{"start":{"line":544,"column":0},"end":{"line":544,"column":5}},"544":{"start":{"line":545,"column":0},"end":{"line":545,"column":24}},"545":{"start":{"line":546,"column":0},"end":{"line":546,"column":74}},"546":{"start":{"line":547,"column":0},"end":{"line":547,"column":33}},"547":{"start":{"line":548,"column":0},"end":{"line":548,"column":21}},"548":{"start":{"line":549,"column":0},"end":{"line":549,"column":59}},"549":{"start":{"line":550,"column":0},"end":{"line":550,"column":7}},"550":{"start":{"line":551,"column":0},"end":{"line":551,"column":3}},"551":{"start":{"line":552,"column":0},"end":{"line":552,"column":1}}},"s":{"0":1,"11":5,"12":5,"13":5,"15":5,"18":5,"19":1,"20":1,"21":1,"22":1,"23":1,"26":4,"27":5,"28":1,"29":1,"30":1,"31":1,"32":1,"35":2,"37":5,"38":1,"39":1,"40":1,"41":1,"42":1,"43":1,"44":5,"45":1,"46":1,"47":1,"48":1,"49":1,"50":1,"51":5,"56":3,"57":3,"58":3,"60":3,"62":3,"63":1,"64":1,"65":1,"66":1,"67":1,"70":2,"72":3,"73":1,"74":1,"75":1,"76":1,"77":1,"78":1,"79":3,"80":0,"81":0,"82":0,"83":0,"84":0,"85":0,"86":3,"91":2,"92":2,"93":2,"94":2,"96":2,"97":2,"98":2,"100":2,"101":1,"102":1,"103":1,"104":1,"105":1,"107":1,"108":1,"109":1,"110":1,"111":1,"112":1,"114":1,"115":2,"116":0,"117":0,"118":0,"119":0,"120":0,"121":0,"122":2,"127":3,"128":3,"129":3,"131":3,"132":3,"133":3,"134":3,"135":3,"138":3,"139":2,"140":2,"141":2,"142":2,"143":2,"144":2,"146":3,"147":3,"148":0,"149":0,"150":0,"151":0,"152":0,"153":0,"154":0,"155":3,"160":3,"161":3,"162":3,"164":3,"166":3,"167":1,"168":1,"169":1,"170":1,"171":1,"174":2,"177":2,"178":2,"179":2,"180":2,"181":3,"182":3,"184":3,"185":1,"186":1,"187":1,"188":1,"189":1,"190":1,"191":1,"192":1,"193":1,"194":1,"195":3,"196":0,"197":0,"198":0,"199":0,"200":0,"201":0,"202":3,"207":2,"208":2,"209":2,"211":2,"213":2,"214":1,"215":1,"216":1,"217":1,"218":1,"220":1,"222":1,"223":1,"224":1,"225":1,"226":1,"227":2,"228":0,"229":0,"230":0,"231":0,"232":0,"233":2,"234":0,"235":0,"236":0,"237":0,"238":0,"239":0,"240":2,"245":0,"246":0,"247":0,"249":0,"251":0,"252":0,"253":0,"254":0,"255":0,"256":0,"259":0,"263":0,"264":0,"265":0,"266":0,"267":0,"268":0,"270":0,"271":0,"272":0,"273":0,"274":0,"275":0,"276":0,"277":0,"278":0,"279":0,"280":0,"281":0,"282":0,"283":0,"284":0,"285":0,"286":0,"287":0,"288":0,"293":0,"294":0,"295":0,"297":0,"299":0,"300":0,"301":0,"302":0,"303":0,"304":0,"307":0,"308":0,"312":0,"313":0,"314":0,"315":0,"316":0,"317":0,"319":0,"320":0,"321":0,"322":0,"323":0,"324":0,"325":0,"326":0,"327":0,"328":0,"329":0,"330":0,"331":0,"332":0,"333":0,"334":0,"335":0,"336":0,"337":0,"342":4,"343":4,"344":4,"346":4,"348":4,"349":1,"350":1,"351":1,"352":1,"353":1,"355":3,"356":3,"357":3,"360":4,"362":1,"363":1,"364":4,"366":1,"367":1,"368":1,"369":1,"370":1,"371":1,"372":1,"373":1,"374":4,"375":0,"376":0,"377":0,"378":0,"379":0,"380":0,"381":4,"387":2,"388":2,"389":2,"391":2,"392":2,"393":2,"395":2,"397":2,"398":1,"399":1,"400":1,"401":1,"402":1,"403":1,"404":0,"405":0,"406":0,"407":0,"408":0,"409":1,"410":1,"411":1,"412":1,"413":1,"414":1,"415":1,"416":2,"417":0,"418":0,"419":0,"420":0,"421":0,"422":0,"423":2,"428":2,"429":2,"430":2,"432":2,"434":2,"435":1,"436":1,"437":1,"438":1,"439":1,"441":1,"442":1,"443":2,"444":0,"445":0,"446":0,"447":0,"448":0,"449":0,"450":2,"455":3,"456":3,"458":3,"460":3,"462":3,"463":1,"464":1,"465":1,"466":1,"467":1,"469":2,"470":3,"471":3,"473":3,"474":1,"475":1,"476":1,"477":1,"478":1,"479":1,"481":1,"482":1,"483":1,"484":1,"485":1,"486":3,"487":0,"488":0,"489":0,"490":0,"491":0,"492":0,"493":3,"498":0,"499":0,"500":0,"502":0,"504":0,"505":0,"506":0,"507":0,"508":0,"509":0,"512":0,"513":0,"514":0,"516":0,"518":0,"520":0,"522":0,"523":0,"524":0,"525":0,"526":0,"527":0,"530":0,"531":0,"533":0,"534":0,"535":0,"536":0,"537":0,"538":0,"539":0,"540":0,"541":0,"542":0,"543":0,"544":0,"545":0,"546":0,"547":0,"548":0,"549":0,"550":0,"551":0},"branchMap":{"0":{"type":"branch","line":12,"loc":{"start":{"line":12,"column":0},"end":{"line":52,"column":1}},"locations":[{"start":{"line":12,"column":0},"end":{"line":52,"column":1}}]},"1":{"type":"branch","line":19,"loc":{"start":{"line":19,"column":40},"end":{"line":19,"column":69}},"locations":[{"start":{"line":19,"column":40},"end":{"line":19,"column":69}}]},"2":{"type":"branch","line":19,"loc":{"start":{"line":19,"column":69},"end":{"line":24,"column":5}},"locations":[{"start":{"line":19,"column":69},"end":{"line":24,"column":5}}]},"3":{"type":"branch","line":24,"loc":{"start":{"line":24,"column":4},"end":{"line":27,"column":85}},"locations":[{"start":{"line":24,"column":4},"end":{"line":27,"column":85}}]},"4":{"type":"branch","line":27,"loc":{"start":{"line":27,"column":83},"end":{"line":28,"column":19}},"locations":[{"start":{"line":27,"column":83},"end":{"line":28,"column":19}}]},"5":{"type":"branch","line":28,"loc":{"start":{"line":28,"column":19},"end":{"line":33,"column":5}},"locations":[{"start":{"line":28,"column":19},"end":{"line":33,"column":5}}]},"6":{"type":"branch","line":33,"loc":{"start":{"line":33,"column":4},"end":{"line":38,"column":24}},"locations":[{"start":{"line":33,"column":4},"end":{"line":38,"column":24}}]},"7":{"type":"branch","line":38,"loc":{"start":{"line":38,"column":24},"end":{"line":44,"column":5}},"locations":[{"start":{"line":38,"column":24},"end":{"line":44,"column":5}}]},"8":{"type":"branch","line":45,"loc":{"start":{"line":45,"column":2},"end":{"line":51,"column":3}},"locations":[{"start":{"line":45,"column":2},"end":{"line":51,"column":3}}]},"9":{"type":"branch","line":57,"loc":{"start":{"line":57,"column":0},"end":{"line":87,"column":1}},"locations":[{"start":{"line":57,"column":0},"end":{"line":87,"column":1}}]},"10":{"type":"branch","line":63,"loc":{"start":{"line":63,"column":54},"end":{"line":68,"column":5}},"locations":[{"start":{"line":63,"column":54},"end":{"line":68,"column":5}}]},"11":{"type":"branch","line":68,"loc":{"start":{"line":68,"column":4},"end":{"line":73,"column":24}},"locations":[{"start":{"line":68,"column":4},"end":{"line":73,"column":24}}]},"12":{"type":"branch","line":73,"loc":{"start":{"line":73,"column":24},"end":{"line":79,"column":5}},"locations":[{"start":{"line":73,"column":24},"end":{"line":79,"column":5}}]},"13":{"type":"branch","line":80,"loc":{"start":{"line":80,"column":2},"end":{"line":86,"column":3}},"locations":[{"start":{"line":80,"column":2},"end":{"line":86,"column":3}}]},"14":{"type":"branch","line":92,"loc":{"start":{"line":92,"column":0},"end":{"line":123,"column":1}},"locations":[{"start":{"line":92,"column":0},"end":{"line":123,"column":1}}]},"15":{"type":"branch","line":101,"loc":{"start":{"line":101,"column":24},"end":{"line":101,"column":43}},"locations":[{"start":{"line":101,"column":24},"end":{"line":101,"column":43}}]},"16":{"type":"branch","line":101,"loc":{"start":{"line":101,"column":33},"end":{"line":101,"column":54}},"locations":[{"start":{"line":101,"column":33},"end":{"line":101,"column":54}}]},"17":{"type":"branch","line":101,"loc":{"start":{"line":101,"column":54},"end":{"line":116,"column":11}},"locations":[{"start":{"line":101,"column":54},"end":{"line":116,"column":11}}]},"18":{"type":"branch","line":116,"loc":{"start":{"line":116,"column":2},"end":{"line":122,"column":3}},"locations":[{"start":{"line":116,"column":2},"end":{"line":122,"column":3}}]},"19":{"type":"branch","line":128,"loc":{"start":{"line":128,"column":0},"end":{"line":156,"column":1}},"locations":[{"start":{"line":128,"column":0},"end":{"line":156,"column":1}}]},"20":{"type":"branch","line":139,"loc":{"start":{"line":139,"column":8},"end":{"line":139,"column":28}},"locations":[{"start":{"line":139,"column":8},"end":{"line":139,"column":28}}]},"21":{"type":"branch","line":139,"loc":{"start":{"line":139,"column":28},"end":{"line":145,"column":5}},"locations":[{"start":{"line":139,"column":28},"end":{"line":145,"column":5}}]},"22":{"type":"branch","line":144,"loc":{"start":{"line":144,"column":30},"end":{"line":144,"column":50}},"locations":[{"start":{"line":144,"column":30},"end":{"line":144,"column":50}}]},"23":{"type":"branch","line":144,"loc":{"start":{"line":144,"column":43},"end":{"line":144,"column":58}},"locations":[{"start":{"line":144,"column":43},"end":{"line":144,"column":58}}]},"24":{"type":"branch","line":148,"loc":{"start":{"line":148,"column":2},"end":{"line":155,"column":3}},"locations":[{"start":{"line":148,"column":2},"end":{"line":155,"column":3}}]},"25":{"type":"branch","line":161,"loc":{"start":{"line":161,"column":0},"end":{"line":203,"column":1}},"locations":[{"start":{"line":161,"column":0},"end":{"line":203,"column":1}}]},"26":{"type":"branch","line":167,"loc":{"start":{"line":167,"column":24},"end":{"line":167,"column":44}},"locations":[{"start":{"line":167,"column":24},"end":{"line":167,"column":44}}]},"27":{"type":"branch","line":167,"loc":{"start":{"line":167,"column":44},"end":{"line":172,"column":5}},"locations":[{"start":{"line":167,"column":44},"end":{"line":172,"column":5}}]},"28":{"type":"branch","line":172,"loc":{"start":{"line":172,"column":4},"end":{"line":182,"column":18}},"locations":[{"start":{"line":172,"column":4},"end":{"line":182,"column":18}}]},"29":{"type":"branch","line":182,"loc":{"start":{"line":182,"column":6},"end":{"line":182,"column":20}},"locations":[{"start":{"line":182,"column":6},"end":{"line":182,"column":20}}]},"30":{"type":"branch","line":183,"loc":{"start":{"line":183,"column":4},"end":{"line":185,"column":16}},"locations":[{"start":{"line":183,"column":4},"end":{"line":185,"column":16}}]},"31":{"type":"branch","line":185,"loc":{"start":{"line":185,"column":16},"end":{"line":195,"column":5}},"locations":[{"start":{"line":185,"column":16},"end":{"line":195,"column":5}}]},"32":{"type":"branch","line":196,"loc":{"start":{"line":196,"column":2},"end":{"line":202,"column":3}},"locations":[{"start":{"line":196,"column":2},"end":{"line":202,"column":3}}]},"33":{"type":"branch","line":208,"loc":{"start":{"line":208,"column":0},"end":{"line":241,"column":1}},"locations":[{"start":{"line":208,"column":0},"end":{"line":241,"column":1}}]},"34":{"type":"branch","line":214,"loc":{"start":{"line":214,"column":24},"end":{"line":214,"column":51}},"locations":[{"start":{"line":214,"column":24},"end":{"line":214,"column":51}}]},"35":{"type":"branch","line":214,"loc":{"start":{"line":214,"column":51},"end":{"line":228,"column":11}},"locations":[{"start":{"line":214,"column":51},"end":{"line":228,"column":11}}]},"36":{"type":"branch","line":228,"loc":{"start":{"line":228,"column":4},"end":{"line":233,"column":5}},"locations":[{"start":{"line":228,"column":4},"end":{"line":233,"column":5}}]},"37":{"type":"branch","line":234,"loc":{"start":{"line":234,"column":2},"end":{"line":240,"column":3}},"locations":[{"start":{"line":234,"column":2},"end":{"line":240,"column":3}}]},"38":{"type":"branch","line":343,"loc":{"start":{"line":343,"column":0},"end":{"line":382,"column":1}},"locations":[{"start":{"line":343,"column":0},"end":{"line":382,"column":1}}]},"39":{"type":"branch","line":349,"loc":{"start":{"line":349,"column":35},"end":{"line":354,"column":5}},"locations":[{"start":{"line":349,"column":35},"end":{"line":354,"column":5}}]},"40":{"type":"branch","line":354,"loc":{"start":{"line":354,"column":4},"end":{"line":361,"column":38}},"locations":[{"start":{"line":354,"column":4},"end":{"line":361,"column":38}}]},"41":{"type":"branch","line":361,"loc":{"start":{"line":361,"column":38},"end":{"line":365,"column":15}},"locations":[{"start":{"line":361,"column":38},"end":{"line":365,"column":15}}]},"42":{"type":"branch","line":365,"loc":{"start":{"line":365,"column":4},"end":{"line":374,"column":5}},"locations":[{"start":{"line":365,"column":4},"end":{"line":374,"column":5}}]},"43":{"type":"branch","line":365,"loc":{"start":{"line":365,"column":46},"end":{"line":374,"column":5}},"locations":[{"start":{"line":365,"column":46},"end":{"line":374,"column":5}}]},"44":{"type":"branch","line":375,"loc":{"start":{"line":375,"column":2},"end":{"line":381,"column":3}},"locations":[{"start":{"line":375,"column":2},"end":{"line":381,"column":3}}]},"45":{"type":"branch","line":388,"loc":{"start":{"line":388,"column":0},"end":{"line":424,"column":1}},"locations":[{"start":{"line":388,"column":0},"end":{"line":424,"column":1}}]},"46":{"type":"branch","line":398,"loc":{"start":{"line":398,"column":8},"end":{"line":398,"column":31}},"locations":[{"start":{"line":398,"column":8},"end":{"line":398,"column":31}}]},"47":{"type":"branch","line":398,"loc":{"start":{"line":398,"column":31},"end":{"line":416,"column":5}},"locations":[{"start":{"line":398,"column":31},"end":{"line":416,"column":5}}]},"48":{"type":"branch","line":404,"loc":{"start":{"line":404,"column":27},"end":{"line":410,"column":11}},"locations":[{"start":{"line":404,"column":27},"end":{"line":410,"column":11}}]},"49":{"type":"branch","line":417,"loc":{"start":{"line":417,"column":2},"end":{"line":423,"column":3}},"locations":[{"start":{"line":417,"column":2},"end":{"line":423,"column":3}}]},"50":{"type":"branch","line":429,"loc":{"start":{"line":429,"column":0},"end":{"line":451,"column":1}},"locations":[{"start":{"line":429,"column":0},"end":{"line":451,"column":1}}]},"51":{"type":"branch","line":435,"loc":{"start":{"line":435,"column":21},"end":{"line":444,"column":11}},"locations":[{"start":{"line":435,"column":21},"end":{"line":444,"column":11}}]},"52":{"type":"branch","line":444,"loc":{"start":{"line":444,"column":2},"end":{"line":450,"column":3}},"locations":[{"start":{"line":444,"column":2},"end":{"line":450,"column":3}}]},"53":{"type":"branch","line":456,"loc":{"start":{"line":456,"column":0},"end":{"line":494,"column":1}},"locations":[{"start":{"line":456,"column":0},"end":{"line":494,"column":1}}]},"54":{"type":"branch","line":459,"loc":{"start":{"line":459,"column":33},"end":{"line":459,"column":72}},"locations":[{"start":{"line":459,"column":33},"end":{"line":459,"column":72}}]},"55":{"type":"branch","line":459,"loc":{"start":{"line":459,"column":57},"end":{"line":459,"column":95}},"locations":[{"start":{"line":459,"column":57},"end":{"line":459,"column":95}}]},"56":{"type":"branch","line":463,"loc":{"start":{"line":463,"column":21},"end":{"line":468,"column":5}},"locations":[{"start":{"line":463,"column":21},"end":{"line":468,"column":5}}]},"57":{"type":"branch","line":468,"loc":{"start":{"line":468,"column":4},"end":{"line":471,"column":39}},"locations":[{"start":{"line":468,"column":4},"end":{"line":471,"column":39}}]},"58":{"type":"branch","line":471,"loc":{"start":{"line":471,"column":28},"end":{"line":471,"column":52}},"locations":[{"start":{"line":471,"column":28},"end":{"line":471,"column":52}}]},"59":{"type":"branch","line":471,"loc":{"start":{"line":471,"column":39},"end":{"line":471,"column":83}},"locations":[{"start":{"line":471,"column":39},"end":{"line":471,"column":83}}]},"60":{"type":"branch","line":472,"loc":{"start":{"line":472,"column":78},"end":{"line":474,"column":19}},"locations":[{"start":{"line":472,"column":78},"end":{"line":474,"column":19}}]},"61":{"type":"branch","line":474,"loc":{"start":{"line":474,"column":19},"end":{"line":487,"column":11}},"locations":[{"start":{"line":474,"column":19},"end":{"line":487,"column":11}}]},"62":{"type":"branch","line":487,"loc":{"start":{"line":487,"column":2},"end":{"line":493,"column":3}},"locations":[{"start":{"line":487,"column":2},"end":{"line":493,"column":3}}]}},"b":{"0":[5],"1":[4],"2":[1],"3":[4],"4":[3],"5":[1],"6":[2],"7":[1],"8":[1],"9":[3],"10":[1],"11":[2],"12":[1],"13":[0],"14":[2],"15":[1],"16":[1],"17":[1],"18":[0],"19":[3],"20":[2],"21":[2],"22":[1],"23":[1],"24":[0],"25":[3],"26":[2],"27":[1],"28":[2],"29":[1],"30":[2],"31":[1],"32":[0],"33":[2],"34":[1],"35":[1],"36":[0],"37":[0],"38":[4],"39":[1],"40":[3],"41":[1],"42":[2],"43":[1],"44":[0],"45":[2],"46":[1],"47":[1],"48":[0],"49":[0],"50":[2],"51":[1],"52":[0],"53":[3],"54":[1],"55":[1],"56":[1],"57":[2],"58":[0],"59":[2],"60":[2],"61":[1],"62":[0]},"fnMap":{"0":{"name":"authorizeInvoice","decl":{"start":{"line":12,"column":0},"end":{"line":52,"column":1}},"loc":{"start":{"line":12,"column":0},"end":{"line":52,"column":1}},"line":12},"1":{"name":"generateCreditNote","decl":{"start":{"line":57,"column":0},"end":{"line":87,"column":1}},"loc":{"start":{"line":57,"column":0},"end":{"line":87,"column":1}},"line":57},"2":{"name":"getLastVoucher","decl":{"start":{"line":92,"column":0},"end":{"line":123,"column":1}},"loc":{"start":{"line":92,"column":0},"end":{"line":123,"column":1}},"line":92},"3":{"name":"healthCheck","decl":{"start":{"line":128,"column":0},"end":{"line":156,"column":1}},"loc":{"start":{"line":128,"column":0},"end":{"line":156,"column":1}},"line":128},"4":{"name":"uploadCertificate","decl":{"start":{"line":161,"column":0},"end":{"line":203,"column":1}},"loc":{"start":{"line":161,"column":0},"end":{"line":203,"column":1}},"line":161},"5":{"name":"generateCSR","decl":{"start":{"line":208,"column":0},"end":{"line":241,"column":1}},"loc":{"start":{"line":208,"column":0},"end":{"line":241,"column":1}},"line":208},"6":{"name":"uploadCertificateFromCrt","decl":{"start":{"line":246,"column":0},"end":{"line":289,"column":1}},"loc":{"start":{"line":246,"column":0},"end":{"line":289,"column":1}},"line":246},"7":{"name":"uploadCertificateFromCrtKey","decl":{"start":{"line":294,"column":0},"end":{"line":338,"column":1}},"loc":{"start":{"line":294,"column":0},"end":{"line":338,"column":1}},"line":294},"8":{"name":"consultarPadron","decl":{"start":{"line":343,"column":0},"end":{"line":382,"column":1}},"loc":{"start":{"line":343,"column":0},"end":{"line":382,"column":1}},"line":343},"9":{"name":"clearCache","decl":{"start":{"line":388,"column":0},"end":{"line":424,"column":1}},"loc":{"start":{"line":388,"column":0},"end":{"line":424,"column":1}},"line":388},"10":{"name":"getPuntosVenta","decl":{"start":{"line":429,"column":0},"end":{"line":451,"column":1}},"loc":{"start":{"line":429,"column":0},"end":{"line":451,"column":1}},"line":429},"11":{"name":"getCertificateInfo","decl":{"start":{"line":456,"column":0},"end":{"line":494,"column":1}},"loc":{"start":{"line":456,"column":0},"end":{"line":494,"column":1}},"line":456},"12":{"name":"deleteCertificate","decl":{"start":{"line":499,"column":0},"end":{"line":552,"column":1}},"loc":{"start":{"line":499,"column":0},"end":{"line":552,"column":1}},"line":499}},"f":{"0":5,"1":3,"2":2,"3":3,"4":3,"5":2,"6":0,"7":0,"8":4,"9":2,"10":2,"11":3,"12":0}}
,"/Users/lucas.fernandez/Documents/lucas/github/geco-afip/src/middlewares/auth.middleware.ts": {"path":"/Users/lucas.fernandez/Documents/lucas/github/geco-afip/src/middlewares/auth.middleware.ts","all":false,"statementMap":{"0":{"start":{"line":1,"column":0},"end":{"line":1,"column":58}},"8":{"start":{"line":9,"column":0},"end":{"line":9,"column":85}},"9":{"start":{"line":10,"column":0},"end":{"line":10,"column":7}},"11":{"start":{"line":12,"column":0},"end":{"line":12,"column":54}},"14":{"start":{"line":15,"column":0},"end":{"line":15,"column":18}},"15":{"start":{"line":16,"column":0},"end":{"line":16,"column":78}},"16":{"start":{"line":17,"column":0},"end":{"line":17,"column":35}},"17":{"start":{"line":18,"column":0},"end":{"line":18,"column":23}},"18":{"start":{"line":19,"column":0},"end":{"line":19,"column":42}},"19":{"start":{"line":20,"column":0},"end":{"line":20,"column":9}},"20":{"start":{"line":21,"column":0},"end":{"line":21,"column":5}},"23":{"start":{"line":24,"column":0},"end":{"line":24,"column":35}},"24":{"start":{"line":25,"column":0},"end":{"line":25,"column":75}},"25":{"start":{"line":26,"column":0},"end":{"line":26,"column":35}},"26":{"start":{"line":27,"column":0},"end":{"line":27,"column":23}},"27":{"start":{"line":28,"column":0},"end":{"line":28,"column":34}},"28":{"start":{"line":29,"column":0},"end":{"line":29,"column":9}},"29":{"start":{"line":30,"column":0},"end":{"line":30,"column":5}},"32":{"start":{"line":33,"column":0},"end":{"line":33,"column":59}},"33":{"start":{"line":34,"column":0},"end":{"line":34,"column":11}},"34":{"start":{"line":35,"column":0},"end":{"line":35,"column":24}},"35":{"start":{"line":36,"column":0},"end":{"line":36,"column":80}},"36":{"start":{"line":37,"column":0},"end":{"line":37,"column":33}},"37":{"start":{"line":38,"column":0},"end":{"line":38,"column":21}},"38":{"start":{"line":39,"column":0},"end":{"line":39,"column":38}},"39":{"start":{"line":40,"column":0},"end":{"line":40,"column":7}},"40":{"start":{"line":41,"column":0},"end":{"line":41,"column":3}},"41":{"start":{"line":42,"column":0},"end":{"line":42,"column":1}},"47":{"start":{"line":48,"column":0},"end":{"line":48,"column":85}},"48":{"start":{"line":49,"column":0},"end":{"line":49,"column":7}},"50":{"start":{"line":51,"column":0},"end":{"line":51,"column":69}},"52":{"start":{"line":53,"column":0},"end":{"line":53,"column":22}},"53":{"start":{"line":54,"column":0},"end":{"line":54,"column":81}},"54":{"start":{"line":55,"column":0},"end":{"line":55,"column":35}},"55":{"start":{"line":56,"column":0},"end":{"line":56,"column":23}},"56":{"start":{"line":57,"column":0},"end":{"line":57,"column":45}},"57":{"start":{"line":58,"column":0},"end":{"line":58,"column":9}},"58":{"start":{"line":59,"column":0},"end":{"line":59,"column":5}},"61":{"start":{"line":62,"column":0},"end":{"line":62,"column":25}},"62":{"start":{"line":63,"column":0},"end":{"line":63,"column":83}},"63":{"start":{"line":64,"column":0},"end":{"line":64,"column":53}},"64":{"start":{"line":65,"column":0},"end":{"line":65,"column":79}},"65":{"start":{"line":66,"column":0},"end":{"line":66,"column":35}},"66":{"start":{"line":67,"column":0},"end":{"line":67,"column":23}},"67":{"start":{"line":68,"column":0},"end":{"line":68,"column":37}},"68":{"start":{"line":69,"column":0},"end":{"line":69,"column":9}},"69":{"start":{"line":70,"column":0},"end":{"line":70,"column":5}},"72":{"start":{"line":73,"column":0},"end":{"line":73,"column":44}},"74":{"start":{"line":75,"column":0},"end":{"line":75,"column":65}},"75":{"start":{"line":76,"column":0},"end":{"line":76,"column":11}},"76":{"start":{"line":77,"column":0},"end":{"line":77,"column":24}},"77":{"start":{"line":78,"column":0},"end":{"line":78,"column":59}},"78":{"start":{"line":79,"column":0},"end":{"line":79,"column":67}},"79":{"start":{"line":80,"column":0},"end":{"line":80,"column":33}},"80":{"start":{"line":81,"column":0},"end":{"line":81,"column":21}},"81":{"start":{"line":82,"column":0},"end":{"line":82,"column":35}},"82":{"start":{"line":83,"column":0},"end":{"line":83,"column":7}},"83":{"start":{"line":84,"column":0},"end":{"line":84,"column":3}},"84":{"start":{"line":85,"column":0},"end":{"line":85,"column":1}}},"s":{"0":1,"8":1,"9":8,"11":8,"14":8,"15":3,"16":3,"17":3,"18":3,"19":3,"20":3,"23":8,"24":3,"25":3,"26":3,"27":3,"28":3,"29":3,"32":1,"33":1,"34":1,"35":1,"36":1,"37":1,"38":1,"39":1,"40":1,"41":8,"47":1,"48":13,"50":13,"52":13,"53":2,"54":2,"55":2,"56":2,"57":2,"58":2,"61":10,"62":13,"63":13,"64":3,"65":3,"66":3,"67":3,"68":3,"69":3,"72":7,"74":7,"75":7,"76":13,"77":1,"78":1,"79":1,"80":1,"81":1,"82":1,"83":1,"84":13},"branchMap":{"0":{"type":"branch","line":9,"loc":{"start":{"line":9,"column":7},"end":{"line":42,"column":1}},"locations":[{"start":{"line":9,"column":7},"end":{"line":42,"column":1}}]},"1":{"type":"branch","line":15,"loc":{"start":{"line":15,"column":17},"end":{"line":21,"column":5}},"locations":[{"start":{"line":15,"column":17},"end":{"line":21,"column":5}}]},"2":{"type":"branch","line":21,"loc":{"start":{"line":21,"column":4},"end":{"line":24,"column":34}},"locations":[{"start":{"line":21,"column":4},"end":{"line":24,"column":34}}]},"3":{"type":"branch","line":24,"loc":{"start":{"line":24,"column":34},"end":{"line":30,"column":5}},"locations":[{"start":{"line":24,"column":34},"end":{"line":30,"column":5}}]},"4":{"type":"branch","line":30,"loc":{"start":{"line":30,"column":4},"end":{"line":41,"column":3}},"locations":[{"start":{"line":30,"column":4},"end":{"line":41,"column":3}}]},"5":{"type":"branch","line":48,"loc":{"start":{"line":48,"column":7},"end":{"line":85,"column":1}},"locations":[{"start":{"line":48,"column":7},"end":{"line":85,"column":1}}]},"6":{"type":"branch","line":51,"loc":{"start":{"line":51,"column":27},"end":{"line":51,"column":48}},"locations":[{"start":{"line":51,"column":27},"end":{"line":51,"column":48}}]},"7":{"type":"branch","line":51,"loc":{"start":{"line":51,"column":34},"end":{"line":51,"column":69}},"locations":[{"start":{"line":51,"column":34},"end":{"line":51,"column":69}}]},"8":{"type":"branch","line":53,"loc":{"start":{"line":53,"column":21},"end":{"line":59,"column":5}},"locations":[{"start":{"line":53,"column":21},"end":{"line":59,"column":5}}]},"9":{"type":"branch","line":59,"loc":{"start":{"line":59,"column":4},"end":{"line":63,"column":39}},"locations":[{"start":{"line":59,"column":4},"end":{"line":63,"column":39}}]},"10":{"type":"branch","line":63,"loc":{"start":{"line":63,"column":28},"end":{"line":63,"column":52}},"locations":[{"start":{"line":63,"column":28},"end":{"line":63,"column":52}}]},"11":{"type":"branch","line":63,"loc":{"start":{"line":63,"column":39},"end":{"line":63,"column":83}},"locations":[{"start":{"line":63,"column":39},"end":{"line":63,"column":83}}]},"12":{"type":"branch","line":64,"loc":{"start":{"line":64,"column":27},"end":{"line":64,"column":52}},"locations":[{"start":{"line":64,"column":27},"end":{"line":64,"column":52}}]},"13":{"type":"branch","line":64,"loc":{"start":{"line":64,"column":52},"end":{"line":70,"column":5}},"locations":[{"start":{"line":64,"column":52},"end":{"line":70,"column":5}}]},"14":{"type":"branch","line":70,"loc":{"start":{"line":70,"column":4},"end":{"line":77,"column":11}},"locations":[{"start":{"line":70,"column":4},"end":{"line":77,"column":11}}]},"15":{"type":"branch","line":77,"loc":{"start":{"line":77,"column":2},"end":{"line":84,"column":3}},"locations":[{"start":{"line":77,"column":2},"end":{"line":84,"column":3}}]},"16":{"type":"branch","line":78,"loc":{"start":{"line":78,"column":28},"end":{"line":78,"column":59}},"locations":[{"start":{"line":78,"column":28},"end":{"line":78,"column":59}}]}},"b":{"0":[8],"1":[3],"2":[4],"3":[3],"4":[1],"5":[13],"6":[12],"7":[4],"8":[2],"9":[10],"10":[1],"11":[9],"12":[9],"13":[3],"14":[7],"15":[1],"16":[0]},"fnMap":{"0":{"name":"authenticateApiKey","decl":{"start":{"line":9,"column":7},"end":{"line":42,"column":1}},"loc":{"start":{"line":9,"column":7},"end":{"line":42,"column":1}},"line":9},"1":{"name":"validateBusinessId","decl":{"start":{"line":48,"column":7},"end":{"line":85,"column":1}},"loc":{"start":{"line":48,"column":7},"end":{"line":85,"column":1}},"line":48}},"f":{"0":8,"1":13}}
,"/Users/lucas.fernandez/Documents/lucas/github/geco-afip/src/services/padron.service.ts": {"path":"/Users/lucas.fernandez/Documents/lucas/github/geco-afip/src/services/padron.service.ts","all":false,"statementMap":{"0":{"start":{"line":1,"column":0},"end":{"line":1,"column":29}},"29":{"start":{"line":30,"column":0},"end":{"line":30,"column":53}},"30":{"start":{"line":31,"column":0},"end":{"line":31,"column":50}},"31":{"start":{"line":32,"column":0},"end":{"line":32,"column":31}},"32":{"start":{"line":33,"column":0},"end":{"line":33,"column":34}},"33":{"start":{"line":34,"column":0},"end":{"line":34,"column":24}},"34":{"start":{"line":35,"column":0},"end":{"line":35,"column":16}},"35":{"start":{"line":36,"column":0},"end":{"line":36,"column":26}},"36":{"start":{"line":37,"column":0},"end":{"line":37,"column":33}},"37":{"start":{"line":38,"column":0},"end":{"line":38,"column":36}},"38":{"start":{"line":39,"column":0},"end":{"line":39,"column":36}},"39":{"start":{"line":40,"column":0},"end":{"line":40,"column":59}},"40":{"start":{"line":41,"column":0},"end":{"line":41,"column":41}},"41":{"start":{"line":42,"column":0},"end":{"line":42,"column":32}},"42":{"start":{"line":43,"column":0},"end":{"line":43,"column":4}},"44":{"start":{"line":45,"column":0},"end":{"line":45,"column":51}},"45":{"start":{"line":46,"column":0},"end":{"line":46,"column":1}},"50":{"start":{"line":51,"column":0},"end":{"line":51,"column":57}},"51":{"start":{"line":52,"column":0},"end":{"line":52,"column":41}},"52":{"start":{"line":53,"column":0},"end":{"line":53,"column":1}},"57":{"start":{"line":58,"column":0},"end":{"line":58,"column":45}},"58":{"start":{"line":59,"column":0},"end":{"line":59,"column":47}},"60":{"start":{"line":61,"column":0},"end":{"line":61,"column":62}},"61":{"start":{"line":62,"column":0},"end":{"line":62,"column":17}},"62":{"start":{"line":63,"column":0},"end":{"line":63,"column":3}},"65":{"start":{"line":66,"column":0},"end":{"line":66,"column":57}},"66":{"start":{"line":67,"column":0},"end":{"line":67,"column":51}},"67":{"start":{"line":68,"column":0},"end":{"line":68,"column":40}},"69":{"start":{"line":70,"column":0},"end":{"line":70,"column":15}},"70":{"start":{"line":71,"column":0},"end":{"line":71,"column":32}},"71":{"start":{"line":72,"column":0},"end":{"line":72,"column":44}},"72":{"start":{"line":73,"column":0},"end":{"line":73,"column":3}},"74":{"start":{"line":75,"column":0},"end":{"line":75,"column":26}},"75":{"start":{"line":76,"column":0},"end":{"line":76,"column":31}},"77":{"start":{"line":78,"column":0},"end":{"line":78,"column":25}},"78":{"start":{"line":79,"column":0},"end":{"line":79,"column":35}},"79":{"start":{"line":80,"column":0},"end":{"line":80,"column":32}},"80":{"start":{"line":81,"column":0},"end":{"line":81,"column":35}},"81":{"start":{"line":82,"column":0},"end":{"line":82,"column":10}},"82":{"start":{"line":83,"column":0},"end":{"line":83,"column":43}},"83":{"start":{"line":84,"column":0},"end":{"line":84,"column":3}},"84":{"start":{"line":85,"column":0},"end":{"line":85,"column":1}},"90":{"start":{"line":91,"column":0},"end":{"line":91,"column":97}},"91":{"start":{"line":92,"column":0},"end":{"line":92,"column":7}},"92":{"start":{"line":93,"column":0},"end":{"line":93,"column":49}},"94":{"start":{"line":95,"column":0},"end":{"line":95,"column":93}},"97":{"start":{"line":98,"column":0},"end":{"line":98,"column":35}},"98":{"start":{"line":99,"column":0},"end":{"line":99,"column":14}},"99":{"start":{"line":100,"column":0},"end":{"line":100,"column":23}},"100":{"start":{"line":101,"column":0},"end":{"line":101,"column":85}},"101":{"start":{"line":102,"column":0},"end":{"line":102,"column":8}},"102":{"start":{"line":103,"column":0},"end":{"line":103,"column":5}},"105":{"start":{"line":106,"column":0},"end":{"line":106,"column":77}},"106":{"start":{"line":107,"column":0},"end":{"line":107,"column":38}},"107":{"start":{"line":108,"column":0},"end":{"line":108,"column":14}},"108":{"start":{"line":109,"column":0},"end":{"line":109,"column":23}},"109":{"start":{"line":110,"column":0},"end":{"line":110,"column":60}},"110":{"start":{"line":111,"column":0},"end":{"line":111,"column":8}},"111":{"start":{"line":112,"column":0},"end":{"line":112,"column":5}},"113":{"start":{"line":114,"column":0},"end":{"line":114,"column":88}},"114":{"start":{"line":115,"column":0},"end":{"line":115,"column":88}},"117":{"start":{"line":118,"column":0},"end":{"line":118,"column":80}},"119":{"start":{"line":120,"column":0},"end":{"line":120,"column":39}},"120":{"start":{"line":121,"column":0},"end":{"line":121,"column":14}},"121":{"start":{"line":122,"column":0},"end":{"line":122,"column":23}},"122":{"start":{"line":123,"column":0},"end":{"line":123,"column":14}},"123":{"start":{"line":124,"column":0},"end":{"line":124,"column":118}},"124":{"start":{"line":125,"column":0},"end":{"line":125,"column":8}},"125":{"start":{"line":126,"column":0},"end":{"line":126,"column":5}},"128":{"start":{"line":129,"column":0},"end":{"line":129,"column":19}},"129":{"start":{"line":130,"column":0},"end":{"line":130,"column":41}},"130":{"start":{"line":131,"column":0},"end":{"line":131,"column":79}},"131":{"start":{"line":132,"column":0},"end":{"line":132,"column":84}},"133":{"start":{"line":134,"column":0},"end":{"line":134,"column":59}},"136":{"start":{"line":137,"column":0},"end":{"line":137,"column":58}},"137":{"start":{"line":138,"column":0},"end":{"line":138,"column":25}},"138":{"start":{"line":139,"column":0},"end":{"line":139,"column":7}},"141":{"start":{"line":142,"column":0},"end":{"line":142,"column":21}},"142":{"start":{"line":143,"column":0},"end":{"line":143,"column":22}},"143":{"start":{"line":144,"column":0},"end":{"line":144,"column":20}},"144":{"start":{"line":145,"column":0},"end":{"line":145,"column":89}},"145":{"start":{"line":146,"column":0},"end":{"line":146,"column":48}},"146":{"start":{"line":147,"column":0},"end":{"line":147,"column":6}},"148":{"start":{"line":149,"column":0},"end":{"line":149,"column":53}},"151":{"start":{"line":152,"column":0},"end":{"line":152,"column":59}},"153":{"start":{"line":154,"column":0},"end":{"line":154,"column":53}},"156":{"start":{"line":157,"column":0},"end":{"line":157,"column":99}},"159":{"start":{"line":160,"column":0},"end":{"line":160,"column":43}},"160":{"start":{"line":161,"column":0},"end":{"line":161,"column":52}},"161":{"start":{"line":162,"column":0},"end":{"line":162,"column":14}},"162":{"start":{"line":163,"column":0},"end":{"line":163,"column":23}},"163":{"start":{"line":164,"column":0},"end":{"line":164,"column":64}},"164":{"start":{"line":165,"column":0},"end":{"line":165,"column":8}},"165":{"start":{"line":166,"column":0},"end":{"line":166,"column":5}},"167":{"start":{"line":168,"column":0},"end":{"line":168,"column":80}},"168":{"start":{"line":169,"column":0},"end":{"line":169,"column":16}},"169":{"start":{"line":170,"column":0},"end":{"line":170,"column":43}},"170":{"start":{"line":171,"column":0},"end":{"line":171,"column":57}},"171":{"start":{"line":172,"column":0},"end":{"line":172,"column":6}},"174":{"start":{"line":175,"column":0},"end":{"line":175,"column":61}},"175":{"start":{"line":176,"column":0},"end":{"line":176,"column":51}},"176":{"start":{"line":177,"column":0},"end":{"line":177,"column":16}},"177":{"start":{"line":178,"column":0},"end":{"line":178,"column":33}},"178":{"start":{"line":179,"column":0},"end":{"line":179,"column":97}},"179":{"start":{"line":180,"column":0},"end":{"line":180,"column":6}},"180":{"start":{"line":181,"column":0},"end":{"line":181,"column":16}},"181":{"start":{"line":182,"column":0},"end":{"line":182,"column":26}},"182":{"start":{"line":183,"column":0},"end":{"line":183,"column":83}},"183":{"start":{"line":184,"column":0},"end":{"line":184,"column":6}},"185":{"start":{"line":186,"column":0},"end":{"line":186,"column":42}},"186":{"start":{"line":187,"column":0},"end":{"line":187,"column":63}},"187":{"start":{"line":188,"column":0},"end":{"line":188,"column":20}},"188":{"start":{"line":189,"column":0},"end":{"line":189,"column":23}},"189":{"start":{"line":190,"column":0},"end":{"line":190,"column":28}},"190":{"start":{"line":191,"column":0},"end":{"line":191,"column":34}},"191":{"start":{"line":192,"column":0},"end":{"line":192,"column":20}},"192":{"start":{"line":193,"column":0},"end":{"line":193,"column":20}},"193":{"start":{"line":194,"column":0},"end":{"line":194,"column":23}},"194":{"start":{"line":195,"column":0},"end":{"line":195,"column":6}},"197":{"start":{"line":198,"column":0},"end":{"line":198,"column":34}},"198":{"start":{"line":199,"column":0},"end":{"line":199,"column":42}},"199":{"start":{"line":200,"column":0},"end":{"line":200,"column":34}},"201":{"start":{"line":202,"column":0},"end":{"line":202,"column":52}},"202":{"start":{"line":203,"column":0},"end":{"line":203,"column":26}},"203":{"start":{"line":204,"column":0},"end":{"line":204,"column":35}},"204":{"start":{"line":205,"column":0},"end":{"line":205,"column":40}},"205":{"start":{"line":206,"column":0},"end":{"line":206,"column":7}},"207":{"start":{"line":208,"column":0},"end":{"line":208,"column":91}},"208":{"start":{"line":209,"column":0},"end":{"line":209,"column":22}},"209":{"start":{"line":210,"column":0},"end":{"line":210,"column":31}},"210":{"start":{"line":211,"column":0},"end":{"line":211,"column":36}},"211":{"start":{"line":212,"column":0},"end":{"line":212,"column":7}},"212":{"start":{"line":213,"column":0},"end":{"line":213,"column":44}},"213":{"start":{"line":214,"column":0},"end":{"line":214,"column":51}},"214":{"start":{"line":215,"column":0},"end":{"line":215,"column":31}},"215":{"start":{"line":216,"column":0},"end":{"line":216,"column":32}},"216":{"start":{"line":217,"column":0},"end":{"line":217,"column":7}},"218":{"start":{"line":219,"column":0},"end":{"line":219,"column":42}},"219":{"start":{"line":220,"column":0},"end":{"line":220,"column":5}},"223":{"start":{"line":224,"column":0},"end":{"line":224,"column":100}},"224":{"start":{"line":225,"column":0},"end":{"line":225,"column":35}},"225":{"start":{"line":226,"column":0},"end":{"line":226,"column":70}},"226":{"start":{"line":227,"column":0},"end":{"line":227,"column":43}},"227":{"start":{"line":228,"column":0},"end":{"line":228,"column":53}},"228":{"start":{"line":229,"column":0},"end":{"line":229,"column":7}},"229":{"start":{"line":230,"column":0},"end":{"line":230,"column":5}},"232":{"start":{"line":233,"column":0},"end":{"line":233,"column":53}},"234":{"start":{"line":235,"column":0},"end":{"line":235,"column":45}},"235":{"start":{"line":236,"column":0},"end":{"line":236,"column":53}},"236":{"start":{"line":237,"column":0},"end":{"line":237,"column":7}},"237":{"start":{"line":238,"column":0},"end":{"line":238,"column":5}},"240":{"start":{"line":241,"column":0},"end":{"line":241,"column":30}},"241":{"start":{"line":242,"column":0},"end":{"line":242,"column":45}},"242":{"start":{"line":243,"column":0},"end":{"line":243,"column":5}},"245":{"start":{"line":246,"column":0},"end":{"line":246,"column":49}},"246":{"start":{"line":247,"column":0},"end":{"line":247,"column":67}},"247":{"start":{"line":248,"column":0},"end":{"line":248,"column":14}},"248":{"start":{"line":249,"column":0},"end":{"line":249,"column":23}},"249":{"start":{"line":250,"column":0},"end":{"line":250,"column":14}},"250":{"start":{"line":251,"column":0},"end":{"line":251,"column":136}},"251":{"start":{"line":252,"column":0},"end":{"line":252,"column":8}},"252":{"start":{"line":253,"column":0},"end":{"line":253,"column":5}},"254":{"start":{"line":255,"column":0},"end":{"line":255,"column":89}},"256":{"start":{"line":257,"column":0},"end":{"line":257,"column":12}},"257":{"start":{"line":258,"column":0},"end":{"line":258,"column":20}},"258":{"start":{"line":259,"column":0},"end":{"line":259,"column":18}},"259":{"start":{"line":260,"column":0},"end":{"line":260,"column":6}},"260":{"start":{"line":261,"column":0},"end":{"line":261,"column":24}},"261":{"start":{"line":262,"column":0},"end":{"line":262,"column":66}},"264":{"start":{"line":265,"column":0},"end":{"line":265,"column":67}},"265":{"start":{"line":266,"column":0},"end":{"line":266,"column":14}},"266":{"start":{"line":267,"column":0},"end":{"line":267,"column":23}},"267":{"start":{"line":268,"column":0},"end":{"line":268,"column":14}},"268":{"start":{"line":269,"column":0},"end":{"line":269,"column":124}},"269":{"start":{"line":270,"column":0},"end":{"line":270,"column":8}},"270":{"start":{"line":271,"column":0},"end":{"line":271,"column":5}},"272":{"start":{"line":273,"column":0},"end":{"line":273,"column":63}},"273":{"start":{"line":274,"column":0},"end":{"line":274,"column":14}},"274":{"start":{"line":275,"column":0},"end":{"line":275,"column":23}},"275":{"start":{"line":276,"column":0},"end":{"line":276,"column":57}},"276":{"start":{"line":277,"column":0},"end":{"line":277,"column":8}},"277":{"start":{"line":278,"column":0},"end":{"line":278,"column":5}},"279":{"start":{"line":280,"column":0},"end":{"line":280,"column":12}},"280":{"start":{"line":281,"column":0},"end":{"line":281,"column":21}},"281":{"start":{"line":282,"column":0},"end":{"line":282,"column":57}},"282":{"start":{"line":283,"column":0},"end":{"line":283,"column":6}},"283":{"start":{"line":284,"column":0},"end":{"line":284,"column":3}},"284":{"start":{"line":285,"column":0},"end":{"line":285,"column":1}},"289":{"start":{"line":290,"column":0},"end":{"line":290,"column":73}},"290":{"start":{"line":291,"column":0},"end":{"line":291,"column":45}},"292":{"start":{"line":293,"column":0},"end":{"line":293,"column":59}},"293":{"start":{"line":294,"column":0},"end":{"line":294,"column":12}},"294":{"start":{"line":295,"column":0},"end":{"line":295,"column":21}},"295":{"start":{"line":296,"column":0},"end":{"line":296,"column":51}},"296":{"start":{"line":297,"column":0},"end":{"line":297,"column":6}},"297":{"start":{"line":298,"column":0},"end":{"line":298,"column":3}},"299":{"start":{"line":300,"column":0},"end":{"line":300,"column":10}},"300":{"start":{"line":301,"column":0},"end":{"line":301,"column":18}},"301":{"start":{"line":302,"column":0},"end":{"line":302,"column":11}},"302":{"start":{"line":303,"column":0},"end":{"line":303,"column":48}},"303":{"start":{"line":304,"column":0},"end":{"line":304,"column":20}},"304":{"start":{"line":305,"column":0},"end":{"line":305,"column":39}},"305":{"start":{"line":306,"column":0},"end":{"line":306,"column":27}},"306":{"start":{"line":307,"column":0},"end":{"line":307,"column":33}},"307":{"start":{"line":308,"column":0},"end":{"line":308,"column":6}},"308":{"start":{"line":309,"column":0},"end":{"line":309,"column":4}},"309":{"start":{"line":310,"column":0},"end":{"line":310,"column":1}},"311":{"start":{"line":312,"column":0},"end":{"line":312,"column":30}},"312":{"start":{"line":313,"column":0},"end":{"line":313,"column":18}},"313":{"start":{"line":314,"column":0},"end":{"line":314,"column":15}},"314":{"start":{"line":315,"column":0},"end":{"line":315,"column":14}},"315":{"start":{"line":316,"column":0},"end":{"line":316,"column":22}},"316":{"start":{"line":317,"column":0},"end":{"line":317,"column":2}}},"s":{"0":1,"29":0,"30":0,"31":0,"32":0,"33":0,"34":0,"35":0,"36":0,"37":0,"38":0,"39":0,"40":0,"41":0,"42":0,"44":0,"45":0,"50":92,"51":92,"52":92,"57":65,"58":65,"60":65,"61":6,"62":6,"65":59,"66":59,"67":59,"69":59,"70":65,"71":590,"72":590,"74":59,"75":59,"77":65,"78":10,"79":65,"80":0,"81":49,"82":49,"83":49,"84":65,"90":14,"91":14,"92":14,"94":14,"97":14,"98":1,"99":1,"100":1,"101":1,"102":1,"105":13,"106":14,"107":2,"108":2,"109":2,"110":2,"111":2,"113":11,"114":11,"117":11,"119":14,"120":2,"121":2,"122":2,"123":2,"124":2,"125":2,"128":9,"129":9,"130":0,"131":9,"133":14,"136":14,"137":14,"138":14,"141":8,"142":8,"143":8,"144":8,"145":8,"146":8,"148":8,"151":8,"153":6,"156":6,"159":14,"160":1,"161":1,"162":1,"163":1,"164":1,"165":1,"167":14,"168":14,"169":14,"170":14,"171":14,"174":14,"175":14,"176":14,"177":14,"178":14,"179":14,"180":14,"181":14,"182":14,"183":14,"185":14,"186":14,"187":14,"188":14,"189":14,"190":14,"191":14,"192":14,"193":14,"194":14,"197":14,"198":3,"199":3,"201":3,"202":3,"203":1,"204":1,"205":1,"207":3,"208":3,"209":1,"210":1,"211":1,"212":3,"213":1,"214":1,"215":1,"216":1,"218":3,"219":3,"223":14,"224":14,"225":5,"226":5,"227":1,"228":1,"229":5,"232":14,"234":1,"235":1,"236":1,"237":1,"240":14,"241":3,"242":3,"245":14,"246":1,"247":1,"248":1,"249":1,"250":1,"251":1,"252":1,"254":4,"256":4,"257":4,"258":4,"259":4,"260":14,"261":3,"264":3,"265":1,"266":1,"267":1,"268":1,"269":1,"270":1,"272":3,"273":1,"274":1,"275":1,"276":1,"277":1,"279":1,"280":1,"281":1,"282":1,"283":1,"284":14,"289":7,"290":7,"292":7,"293":4,"294":4,"295":4,"296":4,"297":4,"299":3,"300":3,"301":3,"302":3,"303":3,"304":3,"305":3,"306":3,"307":3,"308":3,"309":3,"311":1,"312":1,"313":1,"314":1,"315":1,"316":1},"branchMap":{"0":{"type":"branch","line":51,"loc":{"start":{"line":51,"column":0},"end":{"line":53,"column":1}},"locations":[{"start":{"line":51,"column":0},"end":{"line":53,"column":1}}]},"1":{"type":"branch","line":58,"loc":{"start":{"line":58,"column":0},"end":{"line":85,"column":1}},"locations":[{"start":{"line":58,"column":0},"end":{"line":85,"column":1}}]},"2":{"type":"branch","line":61,"loc":{"start":{"line":61,"column":28},"end":{"line":61,"column":61}},"locations":[{"start":{"line":61,"column":28},"end":{"line":61,"column":61}}]},"3":{"type":"branch","line":61,"loc":{"start":{"line":61,"column":61},"end":{"line":63,"column":3}},"locations":[{"start":{"line":61,"column":61},"end":{"line":63,"column":3}}]},"4":{"type":"branch","line":63,"loc":{"start":{"line":63,"column":2},"end":{"line":71,"column":31}},"locations":[{"start":{"line":63,"column":2},"end":{"line":71,"column":31}}]},"5":{"type":"branch","line":71,"loc":{"start":{"line":71,"column":31},"end":{"line":73,"column":3}},"locations":[{"start":{"line":71,"column":31},"end":{"line":73,"column":3}}]},"6":{"type":"branch","line":73,"loc":{"start":{"line":73,"column":2},"end":{"line":78,"column":24}},"locations":[{"start":{"line":73,"column":2},"end":{"line":78,"column":24}}]},"7":{"type":"branch","line":78,"loc":{"start":{"line":78,"column":24},"end":{"line":80,"column":13}},"locations":[{"start":{"line":78,"column":24},"end":{"line":80,"column":13}}]},"8":{"type":"branch","line":80,"loc":{"start":{"line":80,"column":2},"end":{"line":84,"column":3}},"locations":[{"start":{"line":80,"column":2},"end":{"line":84,"column":3}}]},"9":{"type":"branch","line":80,"loc":{"start":{"line":80,"column":31},"end":{"line":82,"column":9}},"locations":[{"start":{"line":80,"column":31},"end":{"line":82,"column":9}}]},"10":{"type":"branch","line":91,"loc":{"start":{"line":91,"column":0},"end":{"line":285,"column":1}},"locations":[{"start":{"line":91,"column":0},"end":{"line":285,"column":1}}]},"11":{"type":"branch","line":98,"loc":{"start":{"line":98,"column":34},"end":{"line":103,"column":5}},"locations":[{"start":{"line":98,"column":34},"end":{"line":103,"column":5}}]},"12":{"type":"branch","line":103,"loc":{"start":{"line":103,"column":4},"end":{"line":107,"column":21}},"locations":[{"start":{"line":103,"column":4},"end":{"line":107,"column":21}}]},"13":{"type":"branch","line":107,"loc":{"start":{"line":107,"column":9},"end":{"line":107,"column":37}},"locations":[{"start":{"line":107,"column":9},"end":{"line":107,"column":37}}]},"14":{"type":"branch","line":107,"loc":{"start":{"line":107,"column":37},"end":{"line":112,"column":5}},"locations":[{"start":{"line":107,"column":37},"end":{"line":112,"column":5}}]},"15":{"type":"branch","line":112,"loc":{"start":{"line":112,"column":4},"end":{"line":120,"column":15}},"locations":[{"start":{"line":112,"column":4},"end":{"line":120,"column":15}}]},"16":{"type":"branch","line":120,"loc":{"start":{"line":120,"column":9},"end":{"line":120,"column":28}},"locations":[{"start":{"line":120,"column":9},"end":{"line":120,"column":28}}]},"17":{"type":"branch","line":120,"loc":{"start":{"line":120,"column":19},"end":{"line":120,"column":38}},"locations":[{"start":{"line":120,"column":19},"end":{"line":120,"column":38}}]},"18":{"type":"branch","line":120,"loc":{"start":{"line":120,"column":38},"end":{"line":126,"column":5}},"locations":[{"start":{"line":120,"column":38},"end":{"line":126,"column":5}}]},"19":{"type":"branch","line":126,"loc":{"start":{"line":126,"column":4},"end":{"line":130,"column":41}},"locations":[{"start":{"line":126,"column":4},"end":{"line":130,"column":41}}]},"20":{"type":"branch","line":130,"loc":{"start":{"line":130,"column":29},"end":{"line":131,"column":79}},"locations":[{"start":{"line":130,"column":29},"end":{"line":131,"column":79}}]},"21":{"type":"branch","line":131,"loc":{"start":{"line":131,"column":10},"end":{"line":132,"column":84}},"locations":[{"start":{"line":131,"column":10},"end":{"line":132,"column":84}}]},"22":{"type":"branch","line":139,"loc":{"start":{"line":139,"column":5},"end":{"line":152,"column":59}},"locations":[{"start":{"line":139,"column":5},"end":{"line":152,"column":59}}]},"23":{"type":"branch","line":152,"loc":{"start":{"line":152,"column":57},"end":{"line":160,"column":42}},"locations":[{"start":{"line":152,"column":57},"end":{"line":160,"column":42}}]},"24":{"type":"branch","line":160,"loc":{"start":{"line":160,"column":42},"end":{"line":166,"column":5}},"locations":[{"start":{"line":160,"column":42},"end":{"line":166,"column":5}}]},"25":{"type":"branch","line":166,"loc":{"start":{"line":166,"column":4},"end":{"line":168,"column":59}},"locations":[{"start":{"line":166,"column":4},"end":{"line":168,"column":59}}]},"26":{"type":"branch","line":168,"loc":{"start":{"line":168,"column":41},"end":{"line":168,"column":80}},"locations":[{"start":{"line":168,"column":41},"end":{"line":168,"column":80}}]},"27":{"type":"branch","line":179,"loc":{"start":{"line":179,"column":14},"end":{"line":179,"column":92}},"locations":[{"start":{"line":179,"column":14},"end":{"line":179,"column":92}}]},"28":{"type":"branch","line":179,"loc":{"start":{"line":179,"column":88},"end":{"line":179,"column":97}},"locations":[{"start":{"line":179,"column":88},"end":{"line":179,"column":97}}]},"29":{"type":"branch","line":183,"loc":{"start":{"line":183,"column":14},"end":{"line":183,"column":78}},"locations":[{"start":{"line":183,"column":14},"end":{"line":183,"column":78}}]},"30":{"type":"branch","line":183,"loc":{"start":{"line":183,"column":74},"end":{"line":183,"column":83}},"locations":[{"start":{"line":183,"column":74},"end":{"line":183,"column":83}}]},"31":{"type":"branch","line":187,"loc":{"start":{"line":187,"column":27},"end":{"line":187,"column":60}},"locations":[{"start":{"line":187,"column":27},"end":{"line":187,"column":60}}]},"32":{"type":"branch","line":187,"loc":{"start":{"line":187,"column":50},"end":{"line":187,"column":63}},"locations":[{"start":{"line":187,"column":50},"end":{"line":187,"column":63}}]},"33":{"type":"branch","line":198,"loc":{"start":{"line":198,"column":33},"end":{"line":220,"column":5}},"locations":[{"start":{"line":198,"column":33},"end":{"line":220,"column":5}}]},"34":{"type":"branch","line":203,"loc":{"start":{"line":203,"column":25},"end":{"line":206,"column":7}},"locations":[{"start":{"line":203,"column":25},"end":{"line":206,"column":7}}]},"35":{"type":"branch","line":208,"loc":{"start":{"line":208,"column":28},"end":{"line":208,"column":72}},"locations":[{"start":{"line":208,"column":28},"end":{"line":208,"column":72}}]},"36":{"type":"branch","line":208,"loc":{"start":{"line":208,"column":56},"end":{"line":208,"column":91}},"locations":[{"start":{"line":208,"column":56},"end":{"line":208,"column":91}}]},"37":{"type":"branch","line":209,"loc":{"start":{"line":209,"column":21},"end":{"line":212,"column":7}},"locations":[{"start":{"line":209,"column":21},"end":{"line":212,"column":7}}]},"38":{"type":"branch","line":213,"loc":{"start":{"line":213,"column":14},"end":{"line":213,"column":43}},"locations":[{"start":{"line":213,"column":14},"end":{"line":213,"column":43}}]},"39":{"type":"branch","line":213,"loc":{"start":{"line":213,"column":43},"end":{"line":217,"column":7}},"locations":[{"start":{"line":213,"column":43},"end":{"line":217,"column":7}}]},"40":{"type":"branch","line":214,"loc":{"start":{"line":214,"column":23},"end":{"line":214,"column":51}},"locations":[{"start":{"line":214,"column":23},"end":{"line":214,"column":51}}]},"41":{"type":"branch","line":220,"loc":{"start":{"line":220,"column":4},"end":{"line":224,"column":64}},"locations":[{"start":{"line":220,"column":4},"end":{"line":224,"col
[...]
":16}}]},"22":{"type":"branch","line":192,"loc":{"start":{"line":192,"column":8},"end":{"line":194,"column":16}},"locations":[{"start":{"line":192,"column":8},"end":{"line":194,"column":16}}]},"23":{"type":"branch","line":195,"loc":{"start":{"line":195,"column":8},"end":{"line":197,"column":16}},"locations":[{"start":{"line":195,"column":8},"end":{"line":197,"column":16}}]},"24":{"type":"branch","line":198,"loc":{"start":{"line":198,"column":8},"end":{"line":202,"column":12}},"locations":[{"start":{"line":198,"column":8},"end":{"line":202,"column":12}}]},"25":{"type":"branch","line":203,"loc":{"start":{"line":203,"column":6},"end":{"line":221,"column":13}},"locations":[{"start":{"line":203,"column":6},"end":{"line":221,"column":13}}]},"26":{"type":"branch","line":221,"loc":{"start":{"line":221,"column":4},"end":{"line":227,"column":5}},"locations":[{"start":{"line":221,"column":4},"end":{"line":227,"column":5}}]},"27":{"type":"branch","line":233,"loc":{"start":{"line":233,"column":2},"end":{"line":269,"column":3}},"locations":[{"start":{"line":233,"column":2},"end":{"line":269,"column":3}}]},"28":{"type":"branch","line":241,"loc":{"start":{"line":241,"column":15},"end":{"line":243,"column":7}},"locations":[{"start":{"line":241,"column":15},"end":{"line":243,"column":7}}]},"29":{"type":"branch","line":243,"loc":{"start":{"line":243,"column":6},"end":{"line":265,"column":13}},"locations":[{"start":{"line":243,"column":6},"end":{"line":265,"column":13}}]},"30":{"type":"branch","line":265,"loc":{"start":{"line":265,"column":4},"end":{"line":268,"column":5}},"locations":[{"start":{"line":265,"column":4},"end":{"line":268,"column":5}}]},"31":{"type":"branch","line":274,"loc":{"start":{"line":274,"column":2},"end":{"line":305,"column":3}},"locations":[{"start":{"line":274,"column":2},"end":{"line":305,"column":3}}]},"32":{"type":"branch","line":280,"loc":{"start":{"line":280,"column":15},"end":{"line":282,"column":7}},"locations":[{"start":{"line":280,"column":15},"end":{"line":282,"column":7}}]},"33":{"type":"branch","line":282,"loc":{"start":{"line":282,"column":6},"end":{"line":301,"column":13}},"locations":[{"start":{"line":282,"column":6},"end":{"line":301,"column":13}}]},"34":{"type":"branch","line":301,"loc":{"start":{"line":301,"column":4},"end":{"line":304,"column":5}},"locations":[{"start":{"line":301,"column":4},"end":{"line":304,"column":5}}]},"35":{"type":"branch","line":310,"loc":{"start":{"line":310,"column":2},"end":{"line":343,"column":3}},"locations":[{"start":{"line":310,"column":2},"end":{"line":343,"column":3}}]},"36":{"type":"branch","line":318,"loc":{"start":{"line":318,"column":15},"end":{"line":320,"column":7}},"locations":[{"start":{"line":318,"column":15},"end":{"line":320,"column":7}}]},"37":{"type":"branch","line":320,"loc":{"start":{"line":320,"column":6},"end":{"line":339,"column":13}},"locations":[{"start":{"line":320,"column":6},"end":{"line":339,"column":13}}]},"38":{"type":"branch","line":339,"loc":{"start":{"line":339,"column":4},"end":{"line":342,"column":5}},"locations":[{"start":{"line":339,"column":4},"end":{"line":342,"column":5}}]},"39":{"type":"branch","line":348,"loc":{"start":{"line":348,"column":2},"end":{"line":407,"column":3}},"locations":[{"start":{"line":348,"column":2},"end":{"line":407,"column":3}}]},"40":{"type":"branch","line":356,"loc":{"start":{"line":356,"column":15},"end":{"line":361,"column":7}},"locations":[{"start":{"line":356,"column":15},"end":{"line":361,"column":7}}]},"41":{"type":"branch","line":361,"loc":{"start":{"line":361,"column":6},"end":{"line":378,"column":77}},"locations":[{"start":{"line":361,"column":6},"end":{"line":378,"column":77}}]},"42":{"type":"branch","line":378,"loc":{"start":{"line":378,"column":75},"end":{"line":380,"column":55}},"locations":[{"start":{"line":378,"column":75},"end":{"line":380,"column":55}}]},"43":{"type":"branch","line":380,"loc":{"start":{"line":380,"column":55},"end":{"line":390,"column":7}},"locations":[{"start":{"line":380,"column":55},"end":{"line":390,"column":7}}]},"44":{"type":"branch","line":381,"loc":{"start":{"line":381,"column":83},"end":{"line":382,"column":58}},"locations":[{"start":{"line":381,"column":83},"end":{"line":382,"column":58}}]},"45":{"type":"branch","line":390,"loc":{"start":{"line":390,"column":6},"end":{"line":392,"column":80}},"locations":[{"start":{"line":390,"column":6},"end":{"line":392,"column":80}}]},"46":{"type":"branch","line":392,"loc":{"start":{"line":392,"column":69},"end":{"line":392,"column":82}},"locations":[{"start":{"line":392,"column":69},"end":{"line":392,"column":82}}]},"47":{"type":"branch","line":400,"loc":{"start":{"line":400,"column":4},"end":{"line":406,"column":5}},"locations":[{"start":{"line":400,"column":4},"end":{"line":406,"column":5}}]},"48":{"type":"branch","line":385,"loc":{"start":{"line":385,"column":36},"end":{"line":385,"column":69}},"locations":[{"start":{"line":385,"column":36},"end":{"line":385,"column":69}}]},"49":{"type":"branch","line":412,"loc":{"start":{"line":412,"column":10},"end":{"line":486,"column":3}},"locations":[{"start":{"line":412,"column":10},"end":{"line":486,"column":3}}]},"50":{"type":"branch","line":423,"loc":{"start":{"line":423,"column":46},"end":{"line":423,"column":53}},"locations":[{"start":{"line":423,"column":46},"end":{"line":423,"column":53}}]},"51":{"type":"branch","line":429,"loc":{"start":{"line":429,"column":15},"end":{"line":429,"column":62}},"locations":[{"start":{"line":429,"column":15},"end":{"line":429,"column":62}}]},"52":{"type":"branch","line":429,"loc":{"start":{"line":429,"column":58},"end":{"line":429,"column":129}},"locations":[{"start":{"line":429,"column":58},"end":{"line":429,"column":129}}]},"53":{"type":"branch","line":431,"loc":{"start":{"line":431,"column":14},"end":{"line":431,"column":36}},"locations":[{"start":{"line":431,"column":14},"end":{"line":431,"column":36}}]},"54":{"type":"branch","line":431,"loc":{"start":{"line":431,"column":27},"end":{"line":431,"column":98}},"locations":[{"start":{"line":431,"column":27},"end":{"line":431,"column":98}}]},"55":{"type":"branch","line":443,"loc":{"start":{"line":443,"column":32},"end":{"line":447,"column":5}},"locations":[{"start":{"line":443,"column":32},"end":{"line":447,"column":5}}]},"56":{"type":"branch","line":450,"loc":{"start":{"line":450,"column":9},"end":{"line":450,"column":38}},"locations":[{"start":{"line":450,"column":9},"end":{"line":450,"column":38}}]},"57":{"type":"branch","line":450,"loc":{"start":{"line":450,"column":31},"end":{"line":450,"column":62}},"locations":[{"start":{"line":450,"column":31},"end":{"line":450,"column":62}}]},"58":{"type":"branch","line":450,"loc":{"start":{"line":450,"column":62},"end":{"line":458,"column":5}},"locations":[{"start":{"line":450,"column":62},"end":{"line":458,"column":5}}]},"59":{"type":"branch","line":461,"loc":{"start":{"line":461,"column":16},"end":{"line":461,"column":57}},"locations":[{"start":{"line":461,"column":16},"end":{"line":461,"column":57}}]},"60":{"type":"branch","line":461,"loc":{"start":{"line":461,"column":57},"end":{"line":471,"column":5}},"locations":[{"start":{"line":461,"column":57},"end":{"line":471,"column":5}}]},"61":{"type":"branch","line":474,"loc":{"start":{"line":474,"column":16},"end":{"line":474,"column":83}},"locations":[{"start":{"line":474,"column":16},"end":{"line":474,"column":83}}]},"62":{"type":"branch","line":474,"loc":{"start":{"line":474,"column":83},"end":{"line":483,"column":5}},"locations":[{"start":{"line":474,"column":83},"end":{"line":483,"column":5}}]},"63":{"type":"branch","line":452,"loc":{"start":{"line":452,"column":33},"end":{"line":456,"column":10}},"locations":[{"start":{"line":452,"column":33},"end":{"line":456,"column":10}}]},"64":{"type":"branch","line":463,"loc":{"start":{"line":463,"column":38},"end":{"line":469,"column":10}},"locations":[{"start":{"line":463,"column":38},"end":{"line":469,"column":10}}]},"65":{"type":"branch","line":476,"loc":{"start":{"line":476,"column":52},"end":{"line":481,"column":10}},"locations":[{"start":{"line":476,"column":52},"end":{"line":481,"column":10}}]},"66":{"type":"branch","line":491,"loc":{"start":{"line":491,"column":10},"end":{"line":563,"column":3}},"locations":[{"start":{"line":491,"column":10},"end":{"line":563,"column":3}}]},"67":{"type":"branch","line":500,"loc":{"start":{"line":500,"column":25},"end":{"line":507,"column":7}},"locations":[{"start":{"line":500,"column":25},"end":{"line":507,"column":7}}]},"68":{"type":"branch","line":501,"loc":{"start":{"line":501,"column":54},"end":{"line":501,"column":78}},"locations":[{"start":{"line":501,"column":54},"end":{"line":501,"column":78}}]},"69":{"type":"branch","line":501,"loc":{"start":{"line":501,"column":72},"end":{"line":501,"column":98}},"locations":[{"start":{"line":501,"column":72},"end":{"line":501,"column":98}}]},"70":{"type":"branch","line":507,"loc":{"start":{"line":507,"column":6},"end":{"line":510,"column":42}},"locations":[{"start":{"line":507,"column":6},"end":{"line":510,"column":42}}]},"71":{"type":"branch","line":510,"loc":{"start":{"line":510,"column":31},"end":{"line":510,"column":59}},"locations":[{"start":{"line":510,"column":31},"end":{"line":510,"column":59}}]},"72":{"type":"branch","line":512,"loc":{"start":{"line":512,"column":22},"end":{"line":517,"column":7}},"locations":[{"start":{"line":512,"column":22},"end":{"line":517,"column":7}}]},"73":{"type":"branch","line":517,"loc":{"start":{"line":517,"column":6},"end":{"line":519,"column":49}},"locations":[{"start":{"line":517,"column":6},"end":{"line":519,"column":49}}]},"74":{"type":"branch","line":519,"loc":{"start":{"line":519,"column":45},"end":{"line":519,"column":64}},"locations":[{"start":{"line":519,"column":45},"end":{"line":519,"column":64}}]},"75":{"type":"branch","line":519,"loc":{"start":{"line":519,"column":60},"end":{"line":519,"column":74}},"locations":[{"start":{"line":519,"column":60},"end":{"line":519,"column":74}}]},"76":{"type":"branch","line":522,"loc":{"start":{"line":522,"column":37},"end":{"line":539,"column":7}},"locations":[{"start":{"line":522,"column":37},"end":{"line":539,"column":7}}]},"77":{"type":"branch","line":525,"loc":{"start":{"line":525,"column":51},"end":{"line":526,"column":39}},"locations":[{"start":{"line":525,"column":51},"end":{"line":526,"column":39}}]},"78":{"type":"branch","line":527,"loc":{"start":{"line":527,"column":40},"end":{"line":528,"column":15}},"locations":[{"start":{"line":527,"column":40},"end":{"line":528,"column":15}}]},"79":{"type":"branch","line":536,"loc":{"start":{"line":536,"column":78},"end":{"line":537,"column":40}},"locations":[{"start":{"line":536,"column":78},"end":{"line":537,"column":40}}]},"80":{"type":"branch","line":539,"loc":{"start":{"line":539,"column":6},"end":{"line":548,"column":51}},"locations":[{"start":{"line":539,"column":6},"end":{"line":548,"column":51}}]},"81":{"type":"branch","line":550,"loc":{"start":{"line":550,"column":31},"end":{"line":550,"column":49}},"locations":[{"start":{"line":550,"column":31},"end":{"line":550,"column":49}}]},"82":{"type":"branch","line":550,"loc":{"start":{"line":550,"column":46},"end":{"line":553,"column":92}},"locations":[{"start":{"line":550,"column":46},"end":{"line":553,"column":92}}]},"83":{"type":"branch","line":553,"loc":{"start":{"line":553,"column":91},"end":{"line":554,"column":15}},"locations":[{"start":{"line":553,"column":91},"end":{"line":554,"column":15}}]},"84":{"type":"branch","line":556,"loc":{"start":{"line":556,"column":4},"end":{"line":562,"column":5}},"locations":[{"start":{"line":556,"column":4},"end":{"line":562,"column":5}}]},"85":{"type":"branch","line":504,"loc":{"start":{"line":504,"column":30},"end":{"line":504,"column":72}},"locations":[{"start":{"line":504,"column":30},"end":{"line":504,"column":72}}]},"86":{"type":"branch","line":505,"loc":{"start":{"line":505,"column":28},"end":{"line":505,"column":61}},"locations":[{"start":{"line":505,"column":28},"end":{"line":505,"column":61}}]},"87":{"type":"branch","line":533,"loc":{"start":{"line":533,"column":43},"end":{"line":533,"column":85}},"locations":[{"start":{"line":533,"column":43},"end":{"line":533,"column":85}}]},"88":{"type":"branch","line":536,"loc":{"start":{"line":536,"column":34},"end":{"line":536,"column":67}},"locations":[{"start":{"line":536,"column":34},"end":{"line":536,"column":67}}]},"89":{"type":"branch","line":568,"loc":{"start":{"line":568,"column":2},"end":{"line":584,"column":3}},"locations":[{"start":{"line":568,"column":2},"end":{"line":584,"column":3}}]},"90":{"type":"branch","line":571,"loc":{"start":{"line":571,"column":15},"end":{"line":573,"column":7}},"locations":[{"start":{"line":571,"column":15},"end":{"line":573,"column":7}}]},"91":{"type":"branch","line":573,"loc":{"start":{"line":573,"column":6},"end":{"line":577,"column":51}},"locations":[{"start":{"line":573,"column":6},"end":{"line":577,"column":51}}]},"92":{"type":"branch","line":577,"loc":{"start":{"line":577,"column":49},"end":{"line":579,"column":50}},"locations":[{"start":{"line":577,"column":49},"end":{"line":579,"column":50}}]},"93":{"type":"branch","line":579,"loc":{"start":{"line":579,"column":50},"end":{"line":579,"column":99}},"locations":[{"start":{"line":579,"column":50},"end":{"line":579,"column":99}}]},"94":{"type":"branch","line":580,"loc":{"start":{"line":580,"column":4},"end":{"line":583,"column":5}},"locations":[{"start":{"line":580,"column":4},"end":{"line":583,"column":5}}]},"95":{"type":"branch","line":589,"loc":{"start":{"line":589,"column":2},"end":{"line":653,"column":3}},"locations":[{"start":{"line":589,"column":2},"end":{"line":653,"column":3}}]},"96":{"type":"branch","line":595,"loc":{"start":{"line":595,"column":21},"end":{"line":597,"column":7}},"locations":[{"start":{"line":595,"column":21},"end":{"line":597,"column":7}}]},"97":{"type":"branch","line":597,"loc":{"start":{"line":597,"column":6},"end":{"line":601,"column":15}},"locations":[{"start":{"line":597,"column":6},"end":{"line":601,"column":15}}]},"98":{"type":"branch","line":601,"loc":{"start":{"line":601,"column":15},"end":{"line":603,"column":7}},"locations":[{"start":{"line":601,"column":15},"end":{"line":603,"column":7}}]},"99":{"type":"branch","line":603,"loc":{"start":{"line":603,"column":6},"end":{"line":620,"column":54}},"locations":[{"start":{"line":603,"column":6},"end":{"line":620,"column":54}}]},"100":{"type":"branch","line":620,"loc":{"start":{"line":620,"column":54},"end":{"line":640,"column":7}},"locations":[{"start":{"line":620,"column":54},"end":{"line":640,"column":7}}]},"101":{"type":"branch","line":622,"loc":{"start":{"line":622,"column":39},"end":{"line":622,"column":54}},"locations":[{"start":{"line":622,"column":39},"end":{"line":622,"column":54}}]},"102":{"type":"branch","line":625,"loc":{"start":{"line":625,"column":53},"end":{"line":625,"column":71}},"locations":[{"start":{"line":625,"column":53},"end":{"line":625,"column":71}}]},"103":{"type":"branch","line":625,"loc":{"start":{"line":625,"column":57},"end":{"line":625,"column":85}},"locations":[{"start":{"line":625,"column":57},"end":{"line":625,"column":85}}]},"104":{"type":"branch","line":640,"loc":{"start":{"line":640,"column":6},"end":{"line":646,"column":13}},"locations":[{"start":{"line":640,"column":6},"end":{"line":646,"column":13}}]},"105":{"type":"branch","line":646,"loc":{"start":{"line":646,"column":4},"end":{"line":652,"column":5}},"locations":[{"start":{"line":646,"column":4},"end":{"line":652,"column":5}}]},"106":{"type":"branch","line":650,"loc":{"start":{"line":650,"column":21},"end":{"line":650,"column":75}},"locations":[{"start":{"line":650,"column":21},"end":{"line":650,"column":75}}]},"107":{"type":"branch","line":631,"loc":{"start":{"line":631,"column":32},"end":{"line":638,"column":12}},"locations":[{"start":{"line":631,"column":32},"end":{"line":638,"column":12}}]},"108":{"type":"branch","line":632,"loc":{"start":{"line":632,"column":23},"end":{"line":632,"column":40}},"locations":[{"start":{"line":632,"column":23},"end":{"line":632,"column":40}}]},"109":{"type":"branch","line":635,"loc":{"start":{"line":635,"column":23},"end":{"line":635,"column":51}},"locations":[{"start":{"line":635,"column":23},"end":{"line":635,"column":51}}]},"110":{"type":"branch","line":635,"loc":{"start":{"line":635,"column":41},"end":{"line":635,"column":60}},"locations":[{"start":{"line":635,"column":41},"end":{"line":635,"column":60}}]},"111":{"type":"branch","line":636,"loc":{"start":{"line":636,"column":40},"end":{"line":636,"column":68}},"locations":[{"start":{"line":636,"column":40},"end":{"line":636,"column":68}}]}},"b":{"0":[37],"1":[104],"2":[75],"3":[29],"4":[0],"5":[21],"6":[20],"7":[20],"8":[20],"9":[1],"10":[20],"11":[1],"12":[19],"13":[1],"14":[18],"15":[2],"16":[16],"17":[14],"18":[16],"19":[0],"20":[5],"21":[1],"22":[2],"23":[1],"24":[1],"25":[4],"26":[0],"27":[21],"28":[1],"29":[20],"30":[0],"31":[21],"32":[1],"33":[20],"34":[0],"35":[21],"36":[1],"37":[20],"38":[0],"39":[22],"40":[1],"41":[21],"42":[20],"43":[2],"44":[0],"45":[18],"46":[15],"47":[1],"48":[2],"49":[16],"50":[0],"51":[2],"52":[14],"53":[2],"54":[14],"55":[1],"56":[14],"57":[14],"58":[14],"59":[1],"60":[1],"61":[4],"62":[4],"63":[15],"64":[1],"65":[4],"66":[16],"67":[2],"68":[1],"69":[1],"70":[14],"71":[13],"72":[1],"73":[13],"74":[0],"75":[13],"76":[1],"77":[0],"78":[0],"79":[0],"80":[12],"81":[0],"82":[0],"83":[12],"84":[0],"85":[3],"86":[3],"87":[1],"88":[1],"89":[5],"90":[1],"91":[4],"92":[3],"93":[2],"94":[1],"95":[5],"96":[1],"97":[4],"98":[1],"99":[3],"100":[3],"101":[0],"102":[2],"103":[1],"104":[0],"105":[2],"106":[0],"107":[5],"108":[0],"109":[2],"110":[2],"111":[4]},"fnMap":{"0":{"name":"WSFEService","decl":{"start":{"line":17,"column":7},"end":{"line":18,"column":33}},"loc":{"start":{"line":17,"column":7},"end":{"line":18,"column":33}},"line":17},"1":{"name":"getSoapClient","decl":{"start":{"line":23,"column":2},"end":{"line":40,"column":3}},"loc":{"start":{"line":23,"column":2},"end":{"line":40,"column":3}},"line":23},"2":{"name":"authorizeInvoice","decl":{"start":{"line":45,"column":2},"end":{"line":170,"column":3}},"loc":{"start":{"line":45,"column":2},"end":{"line":170,"column":3}},"line":45},"3":{"name":"generateCreditNote","decl":{"start":{"line":175,"column":2},"end":{"line":228,"column":3}},"loc":{"start":{"line":175,"column":2},"end":{"line":228,"column":3}},"line":175},"4":{"name":"getCondicionesIVAReceptor","decl":{"start":{"line":233,"column":2},"end":{"line":269,"column":3}},"loc":{"start":{"line":233,"column":2},"end":{"line":269,"column":3}},"line":233},"5":{"name":"getTiposOpcionales","decl":{"start":{"line":274,"column":2},"end":{"line":305,"column":3}},"loc":{"start":{"line":274,"column":2},"end":{"line":305,"column":3}},"line":274},"6":{"name":"getCondicionesIVA","decl":{"start":{"line":310,"column":2},"end":{"line":343,"column":3}},"loc":{"start":{"line":310,"column":2},"end":{"line":343,"column":3}},"line":310},"7":{"name":"getLastVoucher","decl":{"start":{"line":348,"column":2},"end":{"line":407,"column":3}},"loc":{"start":{"line":348,"column":2},"end":{"line":407,"column":3}},"line":348},"8":{"name":"buildFeDetReq","decl":{"start":{"line":412,"column":10},"end":{"line":486,"column":3}},"loc":{"start":{"line":412,"column":10},"end":{"line":486,"column":3}},"line":412},"9":{"name":"parseAuthorizeResponse","decl":{"start":{"line":491,"column":10},"end":{"line":563,"column":3}},"loc":{"start":{"line":491,"column":10},"end":{"line":563,"column":3}},"line":491},"10":{"name":"healthCheck","decl":{"start":{"line":568,"column":2},"end":{"line":584,"column":3}},"loc":{"start":{"line":568,"column":2},"end":{"line":584,"column":3}},"line":568},"11":{"name":"getPuntosVenta","decl":{"start":{"line":589,"column":2},"end":{"line":653,"column":3}},"loc":{"start":{"line":589,"column":2},"end":{"line":653,"column":3}},"line":589}},"f":{"0":37,"1":104,"2":21,"3":5,"4":21,"5":21,"6":21,"7":22,"8":16,"9":16,"10":5,"11":5}}
}
