TN:
SF:src/controllers/invoice.controller.ts
FN:12,authorizeInvoice
FN:57,generateCreditNote
FN:92,getLastVoucher
FN:128,healthCheck
FN:161,uploadCertificate
FN:208,generateCSR
FN:246,uploadCertificateFromCrt
FN:294,uploadCertificateFromCrtKey
FN:343,consultarPadron
FN:388,clearCache
FN:429,getPuntosVenta
FN:456,getCertificateInfo
FN:499,deleteCertificate
FNF:13
FNH:10
FNDA:5,authorizeInvoice
FNDA:3,generateCreditNote
FNDA:2,getLastVoucher
FNDA:3,healthCheck
FNDA:3,uploadCertificate
FNDA:2,generateCSR
FNDA:0,uploadCertificateFromCrt
FNDA:0,uploadCertificateFromCrtKey
FNDA:4,consultarPadron
FNDA:2,clearCache
FNDA:2,getPuntosVenta
FNDA:3,getCertificateInfo
FNDA:0,deleteCertificate
DA:1,1
DA:12,5
DA:13,5
DA:14,5
DA:16,5
DA:19,5
DA:20,1
DA:21,1
DA:22,1
DA:23,1
DA:24,1
DA:27,4
DA:28,5
DA:29,1
DA:30,1
DA:31,1
DA:32,1
DA:33,1
DA:36,2
DA:38,5
DA:39,1
DA:40,1
DA:41,1
DA:42,1
DA:43,1
DA:44,1
DA:45,5
DA:46,1
DA:47,1
DA:48,1
DA:49,1
DA:50,1
DA:51,1
DA:52,5
DA:57,3
DA:58,3
DA:59,3
DA:61,3
DA:63,3
DA:64,1
DA:65,1
DA:66,1
DA:67,1
DA:68,1
DA:71,2
DA:73,3
DA:74,1
DA:75,1
DA:76,1
DA:77,1
DA:78,1
DA:79,1
DA:80,3
DA:81,0
DA:82,0
DA:83,0
DA:84,0
DA:85,0
DA:86,0
DA:87,3
DA:92,2
DA:93,2
DA:94,2
DA:95,2
DA:97,2
DA:98,2
DA:99,2
DA:101,2
DA:102,1
DA:103,1
DA:104,1
DA:105,1
DA:106,1
DA:108,1
DA:109,1
DA:110,1
DA:111,1
DA:112,1
DA:113,1
DA:115,1
DA:116,2
DA:117,0
DA:118,0
DA:119,0
DA:120,0
DA:121,0
DA:122,0
DA:123,2
DA:128,3
DA:129,3
DA:130,3
DA:132,3
DA:133,3
DA:134,3
DA:135,3
DA:136,3
DA:139,3
DA:140,2
DA:141,2
DA:142,2
DA:143,2
DA:144,2
DA:145,2
DA:147,3
DA:148,3
DA:149,0
DA:150,0
DA:151,0
DA:152,0
DA:153,0
DA:154,0
DA:155,0
DA:156,3
DA:161,3
DA:162,3
DA:163,3
DA:165,3
DA:167,3
DA:168,1
DA:169,1
DA:170,1
DA:171,1
DA:172,1
DA:175,2
DA:178,2
DA:179,2
DA:180,2
DA:181,2
DA:182,3
DA:183,3
DA:185,3
DA:186,1
DA:187,1
DA:188,1
DA:189,1
DA:190,1
DA:191,1
DA:192,1
DA:193,1
DA:194,1
DA:195,1
DA:196,3
DA:197,0
DA:198,0
DA:199,0
DA:200,0
DA:201,0
DA:202,0
DA:203,3
DA:208,2
DA:209,2
DA:210,2
DA:212,2
DA:214,2
DA:215,1
DA:216,1
DA:217,1
DA:218,1
DA:219,1
DA:221,1
DA:223,1
DA:224,1
DA:225,1
DA:226,1
DA:227,1
DA:228,2
DA:229,0
DA:230,0
DA:231,0
DA:232,0
DA:233,0
DA:234,2
DA:235,0
DA:236,0
DA:237,0
DA:238,0
DA:239,0
DA:240,0
DA:241,2
DA:246,0
DA:247,0
DA:248,0
DA:250,0
DA:252,0
DA:253,0
DA:254,0
DA:255,0
DA:256,0
DA:257,0
DA:260,0
DA:264,0
DA:265,0
DA:266,0
DA:267,0
DA:268,0
DA:269,0
DA:271,0
DA:272,0
DA:273,0
DA:274,0
DA:275,0
DA:276,0
DA:277,0
DA:278,0
DA:279,0
DA:280,0
DA:281,0
DA:282,0
DA:283,0
DA:284,0
DA:285,0
DA:286,0
DA:287,0
DA:288,0
DA:289,0
DA:294,0
DA:295,0
DA:296,0
DA:298,0
DA:300,0
DA:301,0
DA:302,0
DA:303,0
DA:304,0
DA:305,0
DA:308,0
DA:309,0
DA:313,0
DA:314,0
DA:315,0
DA:316,0
DA:317,0
DA:318,0
DA:320,0
DA:321,0
DA:322,0
DA:323,0
DA:324,0
DA:325,0
DA:326,0
DA:327,0
DA:328,0
DA:329,0
DA:330,0
DA:331,0
DA:332,0
DA:333,0
DA:334,0
DA:335,0
DA:336,0
DA:337,0
DA:338,0
DA:343,4
DA:344,4
DA:345,4
DA:347,4
DA:349,4
DA:350,1
DA:351,1
DA:352,1
DA:353,1
DA:354,1
DA:356,3
DA:357,3
DA:358,3
DA:361,4
DA:363,1
DA:364,1
DA:365,4
DA:367,1
DA:368,1
DA:369,1
DA:370,1
DA:371,1
DA:372,1
DA:373,1
DA:374,1
DA:375,4
DA:376,0
DA:377,0
DA:378,0
DA:379,0
DA:380,0
DA:381,0
DA:382,4
DA:388,2
DA:389,2
DA:390,2
DA:392,2
DA:393,2
DA:394,2
DA:396,2
DA:398,2
DA:399,1
DA:400,1
DA:401,1
DA:402,1
DA:403,1
DA:404,1
DA:405,0
DA:406,0
DA:407,0
DA:408,0
DA:409,0
DA:410,1
DA:411,1
DA:412,1
DA:413,1
DA:414,1
DA:415,1
DA:416,1
DA:417,2
DA:418,0
DA:419,0
DA:420,0
DA:421,0
DA:422,0
DA:423,0
DA:424,2
DA:429,2
DA:430,2
DA:431,2
DA:433,2
DA:435,2
DA:436,1
DA:437,1
DA:438,1
DA:439,1
DA:440,1
DA:442,1
DA:443,1
DA:444,2
DA:445,0
DA:446,0
DA:447,0
DA:448,0
DA:449,0
DA:450,0
DA:451,2
DA:456,3
DA:457,3
DA:459,3
DA:461,3
DA:463,3
DA:464,1
DA:465,1
DA:466,1
DA:467,1
DA:468,1
DA:470,2
DA:471,3
DA:472,3
DA:474,3
DA:475,1
DA:476,1
DA:477,1
DA:478,1
DA:479,1
DA:480,1
DA:482,1
DA:483,1
DA:484,1
DA:485,1
DA:486,1
DA:487,3
DA:488,0
DA:489,0
DA:490,0
DA:491,0
DA:492,0
DA:493,0
DA:494,3
DA:499,0
DA:500,0
DA:501,0
DA:503,0
DA:505,0
DA:506,0
DA:507,0
DA:508,0
DA:509,0
DA:510,0
DA:513,0
DA:514,0
DA:515,0
DA:517,0
DA:519,0
DA:521,0
DA:523,0
DA:524,0
DA:525,0
DA:526,0
DA:527,0
DA:528,0
DA:531,0
DA:532,0
DA:534,0
DA:535,0
DA:536,0
DA:537,0
DA:538,0
DA:539,0
DA:540,0
DA:541,0
DA:542,0
DA:543,0
DA:544,0
DA:545,0
DA:546,0
DA:547,0
DA:548,0
DA:549,0
DA:550,0
DA:551,0
DA:552,0
LF:415
LH:234
BRDA:12,0,0,5
BRDA:19,1,0,4
BRDA:19,2,0,1
BRDA:24,3,0,4
BRDA:27,4,0,3
BRDA:28,5,0,1
BRDA:33,6,0,2
BRDA:38,7,0,1
BRDA:45,8,0,1
BRDA:57,9,0,3
BRDA:63,10,0,1
BRDA:68,11,0,2
BRDA:73,12,0,1
BRDA:80,13,0,0
BRDA:92,14,0,2
BRDA:101,15,0,1
BRDA:101,16,0,1
BRDA:101,17,0,1
BRDA:116,18,0,0
BRDA:128,19,0,3
BRDA:139,20,0,2
BRDA:139,21,0,2
BRDA:144,22,0,1
BRDA:144,23,0,1
BRDA:148,24,0,0
BRDA:161,25,0,3
BRDA:167,26,0,2
BRDA:167,27,0,1
BRDA:172,28,0,2
BRDA:182,29,0,1
BRDA:183,30,0,2
BRDA:185,31,0,1
BRDA:196,32,0,0
BRDA:208,33,0,2
BRDA:214,34,0,1
BRDA:214,35,0,1
BRDA:228,36,0,0
BRDA:234,37,0,0
BRDA:343,38,0,4
BRDA:349,39,0,1
BRDA:354,40,0,3
BRDA:361,41,0,1
BRDA:365,42,0,2
BRDA:365,43,0,1
BRDA:375,44,0,0
BRDA:388,45,0,2
BRDA:398,46,0,1
BRDA:398,47,0,1
BRDA:404,48,0,0
BRDA:417,49,0,0
BRDA:429,50,0,2
BRDA:435,51,0,1
BRDA:444,52,0,0
BRDA:456,53,0,3
BRDA:459,54,0,1
BRDA:459,55,0,1
BRDA:463,56,0,1
BRDA:468,57,0,2
BRDA:471,58,0,0
BRDA:471,59,0,2
BRDA:472,60,0,2
BRDA:474,61,0,1
BRDA:487,62,0,0
BRF:63
BRH:51
end_of_record
TN:
SF:src/middlewares/auth.middleware.ts
FN:9,authenticateApiKey
FN:48,validateBusinessId
FNF:2
FNH:2
FNDA:8,authenticateApiKey
FNDA:13,validateBusinessId
DA:1,1
DA:9,1
DA:10,8
DA:12,8
DA:15,8
DA:16,3
DA:17,3
DA:18,3
DA:19,3
DA:20,3
DA:21,3
DA:24,8
DA:25,3
DA:26,3
DA:27,3
DA:28,3
DA:29,3
DA:30,3
DA:33,1
DA:34,1
DA:35,1
DA:36,1
DA:37,1
DA:38,1
DA:39,1
DA:40,1
DA:41,1
DA:42,8
DA:48,1
DA:49,13
DA:51,13
DA:53,13
DA:54,2
DA:55,2
DA:56,2
DA:57,2
DA:58,2
DA:59,2
DA:62,10
DA:63,13
DA:64,13
DA:65,3
DA:66,3
DA:67,3
DA:68,3
DA:69,3
DA:70,3
DA:73,7
DA:75,7
DA:76,7
DA:77,13
DA:78,1
DA:79,1
DA:80,1
DA:81,1
DA:82,1
DA:83,1
DA:84,1
DA:85,13
LF:59
LH:59
BRDA:9,0,0,8
BRDA:15,1,0,3
BRDA:21,2,0,4
BRDA:24,3,0,3
BRDA:30,4,0,1
BRDA:48,5,0,13
BRDA:51,6,0,12
BRDA:51,7,0,4
BRDA:53,8,0,2
BRDA:59,9,0,10
BRDA:63,10,0,1
BRDA:63,11,0,9
BRDA:64,12,0,9
BRDA:64,13,0,3
BRDA:70,14,0,7
BRDA:77,15,0,1
BRDA:78,16,0,0
BRF:17
BRH:16
end_of_record
TN:
SF:src/services/padron.service.ts
FN:30,mapearCondicionIVA
FN:51,normalizarDocumento
FN:58,validarCUIT
FN:91,consultarPadron
FN:290,consultarDNI
FNF:5
FNH:4
FNDA:0,mapearCondicionIVA
FNDA:92,normalizarDocumento
FNDA:65,validarCUIT
FNDA:14,consultarPadron
FNDA:7,consultarDNI
DA:1,1
DA:30,0
DA:31,0
DA:32,0
DA:33,0
DA:34,0
DA:35,0
DA:36,0
DA:37,0
DA:38,0
DA:39,0
DA:40,0
DA:41,0
DA:42,0
DA:43,0
DA:45,0
DA:46,0
DA:51,92
DA:52,92
DA:53,92
DA:58,65
DA:59,65
DA:61,65
DA:62,6
DA:63,6
DA:66,59
DA:67,59
DA:68,59
DA:70,59
DA:71,65
DA:72,590
DA:73,590
DA:75,59
DA:76,59
DA:78,65
DA:79,10
DA:80,65
DA:81,0
DA:82,49
DA:83,49
DA:84,49
DA:85,65
DA:91,14
DA:92,14
DA:93,14
DA:95,14
DA:98,14
DA:99,1
DA:100,1
DA:101,1
DA:102,1
DA:103,1
DA:106,13
DA:107,14
DA:108,2
DA:109,2
DA:110,2
DA:111,2
DA:112,2
DA:114,11
DA:115,11
DA:118,11
DA:120,14
DA:121,2
DA:122,2
DA:123,2
DA:124,2
DA:125,2
DA:126,2
DA:129,9
DA:130,9
DA:131,0
DA:132,9
DA:134,14
DA:137,14
DA:138,14
DA:139,14
DA:142,8
DA:143,8
DA:144,8
DA:145,8
DA:146,8
DA:147,8
DA:149,8
DA:152,8
DA:154,6
DA:157,6
DA:160,14
DA:161,1
DA:162,1
DA:163,1
DA:164,1
DA:165,1
DA:166,1
DA:168,14
DA:169,14
DA:170,14
DA:171,14
DA:172,14
DA:175,14
DA:176,14
DA:177,14
DA:178,14
DA:179,14
DA:180,14
DA:181,14
DA:182,14
DA:183,14
DA:184,14
DA:186,14
DA:187,14
DA:188,14
DA:189,14
DA:190,14
DA:191,14
DA:192,14
DA:193,14
DA:194,14
DA:195,14
DA:198,14
DA:199,3
DA:200,3
DA:202,3
DA:203,3
DA:204,1
DA:205,1
DA:206,1
DA:208,3
DA:209,3
DA:210,1
DA:211,1
DA:212,1
DA:213,3
DA:214,1
DA:215,1
DA:216,1
DA:217,1
DA:219,3
DA:220,3
DA:224,14
DA:225,14
DA:226,5
DA:227,5
DA:228,1
DA:229,1
DA:230,5
DA:233,14
DA:235,1
DA:236,1
DA:237,1
DA:238,1
DA:241,14
DA:242,3
DA:243,3
DA:246,14
DA:247,1
DA:248,1
DA:249,1
DA:250,1
DA:251,1
DA:252,1
DA:253,1
DA:255,4
DA:257,4
DA:258,4
DA:259,4
DA:260,4
DA:261,14
DA:262,3
DA:265,3
DA:266,1
DA:267,1
DA:268,1
DA:269,1
DA:270,1
DA:271,1
DA:273,3
DA:274,1
DA:275,1
DA:276,1
DA:277,1
DA:278,1
DA:280,1
DA:281,1
DA:282,1
DA:283,1
DA:284,1
DA:285,14
DA:290,7
DA:291,7
DA:293,7
DA:294,4
DA:295,4
DA:296,4
DA:297,4
DA:298,4
DA:300,3
DA:301,3
DA:302,3
DA:303,3
DA:304,3
DA:305,3
DA:306,3
DA:307,3
DA:308,3
DA:309,3
DA:310,3
DA:312,1
DA:313,1
DA:314,1
DA:315,1
DA:316,1
DA:317,1
LF:213
LH:195
BRDA:51,0,0,92
BRDA:58,1,0,65
BRDA:61,2,0,60
BRDA:61,3,0,6
BRDA:63,4,0,59
BRDA:71,5,0,590
BRDA:73,6,0,59
BRDA:78,7,0,10
BRDA:80,8,0,49
BRDA:80,9,0,0
BRDA:91,10,0,14
BRDA:98,11,0,1
BRDA:103,12,0,13
BRDA:107,13,0,12
BRDA:107,14,0,2
BRDA:112,15,0,11
BRDA:120,16,0,10
BRDA:120,17,0,9
BRDA:120,18,0,2
BRDA:126,19,0,9
BRDA:130,20,0,0
BRDA:131,21,0,9
BRDA:139,22,0,8
BRDA:152,23,0,6
BRDA:160,24,0,1
BRDA:166,25,0,5
BRDA:168,26,0,0
BRDA:179,27,0,3
BRDA:179,28,0,2
BRDA:183,29,0,0
BRDA:183,30,0,5
BRDA:187,31,0,2
BRDA:187,32,0,1
BRDA:198,33,0,3
BRDA:203,34,0,1
BRDA:208,35,0,2
BRDA:208,36,0,2
BRDA:209,37,0,1
BRDA:213,38,0,2
BRDA:213,39,0,1
BRDA:214,40,0,0
BRDA:220,41,0,5
BRDA:224,42,0,1
BRDA:224,43,0,4
BRDA:224,44,0,4
BRDA:225,45,0,5
BRDA:227,46,0,1
BRDA:227,47,0,1
BRDA:233,48,0,4
BRDA:233,49,0,1
BRDA:238,50,0,5
BRDA:241,51,0,3
BRDA:243,52,0,5
BRDA:246,53,0,1
BRDA:246,54,0,1
BRDA:253,55,0,4
BRDA:261,56,0,3
BRDA:265,57,0,1
BRDA:271,58,0,2
BRDA:273,59,0,1
BRDA:226,60,0,1
BRDA:290,61,0,7
BRDA:293,62,0,4
BRDA:293,63,0,4
BRDA:298,64,0,3
BRF:65
BRH:60
end_of_record
TN:
SF:src/services/wsaa.service.ts
FN:16,WSAAService
FN:24,getTicketAcceso
FN:107,isTicketValid
FN:116,requestTicketAcceso
FN:154,generateTRA
FN:190,signTRA
FN:242,sendToAFIP
FN:300,parseResponse
FN:399,clearCache
FNF:9
FNH:9
FNDA:26,WSAAService
FNDA:22,getTicketAcceso
FNDA:9,isTicketValid
FNDA:17,requestTicketAcceso
FNDA:10,generateTRA
FNDA:10,signTRA
FNDA:10,sendToAFIP
FNDA:7,parseResponse
FNDA:5,clearCache
DA:1,1
DA:16,1
DA:17,26
DA:18,26
DA:24,1
DA:25,22
DA:26,22
DA:27,22
DA:28,22
DA:29,22
DA:30,22
DA:33,22
DA:34,7
DA:35,7
DA:36,4
DA:37,4
DA:38,4
DA:39,4
DA:40,4
DA:42,3
DA:43,3
DA:44,3
DA:47,22
DA:48,3
DA:49,3
DA:50,3
DA:53,3
DA:54,3
DA:56,3
DA:57,1
DA:58,1
DA:59,1
DA:60,1
DA:61,1
DA:62,1
DA:63,1
DA:66,1
DA:67,1
DA:68,1
DA:69,1
DA:71,1
DA:72,3
DA:75,17
DA:76,17
DA:77,17
DA:78,17
DA:80,22
DA:82,0
DA:85,0
DA:86,0
DA:87,0
DA:88,0
DA:89,0
DA:90,0
DA:91,0
DA:92,0
DA:94,0
DA:95,0
DA:97,17
DA:98,22
DA:99,0
DA:100,0
DA:101,0
DA:102,22
DA:107,1
DA:108,9
DA:109,9
DA:110,9
DA:111,9
DA:116,1
DA:117,17
DA:118,17
DA:119,17
DA:120,17
DA:121,17
DA:124,17
DA:125,17
DA:126,7
DA:127,7
DA:130,10
DA:133,10
DA:136,10
DA:139,7
DA:141,7
DA:142,7
DA:144,7
DA:145,17
DA:146,17
DA:147,17
DA:148,17
DA:149,17
DA:154,1
DA:155,10
DA:156,10
DA:159,10
DA:162,10
DA:164,10
DA:165,10
DA:166,10
DA:167,10
DA:168,10
DA:169,10
DA:170,10
DA:171,10
DA:172,10
DA:173,10
DA:174,10
DA:175,10
DA:176,10
DA:177,10
DA:178,10
DA:179,10
DA:180,10
DA:181,10
DA:183,10
DA:184,10
DA:185,10
DA:190,1
DA:191,10
DA:193,10
DA:194,10
DA:197,10
DA:198,10
DA:201,10
DA:202,10
DA:204,10
DA:205,10
DA:206,10
DA:207,10
DA:208,10
DA:209,10
DA:210,10
DA:211,10
DA:212,10
DA:213,10
DA:214,10
DA:215,10
DA:216,10
DA:217,10
DA:218,10
DA:220,10
DA:221,10
DA:222,10
DA:223,10
DA:226,10
DA:229,10
DA:230,10
DA:232,10
DA:233,10
DA:234,0
DA:235,0
DA:236,0
DA:237,10
DA:242,1
DA:243,10
DA:244,10
DA:249,10
DA:254,10
DA:256,10
DA:257,10
DA:258,10
DA:259,10
DA:260,10
DA:261,10
DA:262,10
DA:264,7
DA:265,10
DA:266,3
DA:267,2
DA:268,2
DA:269,2
DA:270,0
DA:271,2
DA:274,2
DA:275,2
DA:276,1
DA:277,2
DA:278,1
DA:279,1
DA:280,1
DA:281,1
DA:282,1
DA:283,1
DA:284,1
DA:285,1
DA:286,1
DA:287,1
DA:289,1
DA:290,1
DA:291,1
DA:292,1
DA:293,1
DA:294,1
DA:295,10
DA:300,1
DA:301,7
DA:303,7
DA:305,7
DA:306,7
DA:307,7
DA:308,7
DA:310,7
DA:313,7
DA:314,7
DA:315,7
DA:316,7
DA:318,7
DA:319,7
DA:320,7
DA:322,0
DA:324,7
DA:326,0
DA:327,0
DA:328,0
DA:329,0
DA:330,0
DA:333,0
DA:336,0
DA:337,0
DA:338,0
DA:339,0
DA:340,0
DA:341,0
DA:346,0
DA:347,0
DA:348,0
DA:349,0
DA:351,0
DA:352,0
DA:353,0
DA:354,0
DA:355,0
DA:357,0
DA:359,7
DA:360,0
DA:361,0
DA:364,0
DA:365,7
DA:366,7
DA:368,7
DA:370,7
DA:371,0
DA:372,0
DA:374,0
DA:375,0
DA:376,0
DA:378,7
DA:379,0
DA:380,0
DA:382,0
DA:384,0
DA:385,0
DA:386,0
DA:387,0
DA:388,0
DA:389,7
DA:390,7
DA:391,7
DA:392,7
DA:393,7
DA:394,7
DA:399,1
DA:400,5
DA:401,3
DA:402,3
DA:405,3
DA:408,3
DA:409,2
DA:410,2
DA:411,2
DA:412,2
DA:413,3
DA:414,1
DA:415,1
DA:416,5
DA:418,1
DA:419,1
DA:420,3
DA:421,2
DA:422,2
DA:423,1
DA:424,1
DA:425,2
DA:426,2
DA:427,2
DA:428,2
DA:429,2
DA:430,1
DA:431,1
DA:432,1
DA:434,1
DA:437,1
DA:438,1
DA:439,1
DA:440,3
DA:441,3
DA:442,3
DA:443,1
DA:444,1
DA:445,1
DA:446,1
DA:447,5
DA:448,1
DA:451,1
LF:304
LH:247
BRDA:16,0,0,26
BRDA:24,1,0,22
BRDA:33,2,0,7
BRDA:35,3,0,4
BRDA:40,4,0,3
BRDA:44,5,0,18
BRDA:47,6,0,3
BRDA:56,7,0,1
BRDA:72,8,0,17
BRDA:80,9,0,0
BRDA:95,10,0,17
BRDA:98,11,0,0
BRDA:107,12,0,9
BRDA:116,13,0,17
BRDA:125,14,0,7
BRDA:127,15,0,10
BRDA:136,16,0,7
BRDA:154,17,0,10
BRDA:190,18,0,10
BRDA:233,19,0,0
BRDA:242,20,0,10
BRDA:262,21,0,7
BRDA:265,22,0,3
BRDA:266,23,0,2
BRDA:269,24,0,0
BRDA:275,25,0,1
BRDA:277,26,0,1
BRDA:292,27,0,1
BRDA:300,28,0,7
BRDA:314,29,0,6
BRDA:315,30,0,0
BRDA:316,31,0,0
BRDA:320,32,0,0
BRDA:324,33,0,0
BRDA:359,34,0,0
BRDA:365,35,0,0
BRDA:368,36,0,0
BRDA:370,37,0,0
BRDA:378,38,0,0
BRDA:378,39,0,0
BRDA:378,40,0,0
BRDA:399,41,0,5
BRDA:400,42,0,4
BRDA:400,43,0,3
BRDA:408,44,0,2
BRDA:413,45,0,1
BRDA:416,46,0,2
BRDA:416,47,0,1
BRDA:419,48,0,3
BRDA:420,49,0,2
BRDA:424,50,0,2
BRDA:439,51,0,3
BRF:52
BRH:37
end_of_record
TN:
SF:src/services/wsfe.service.ts
FN:17,WSFEService
FN:23,getSoapClient
FN:45,authorizeInvoice
FN:175,generateCreditNote
FN:233,getCondicionesIVAReceptor
FN:274,getTiposOpcionales
FN:310,getCondicionesIVA
FN:348,getLastVoucher
FN:412,buildFeDetReq
FN:491,parseAuthorizeResponse
FN:568,healthCheck
FN:589,getPuntosVenta
FNF:12
FNH:12
FNDA:37,WSFEService
FNDA:104,getSoapClient
FNDA:21,authorizeInvoice
FNDA:5,generateCreditNote
FNDA:21,getCondicionesIVAReceptor
FNDA:21,getTiposOpcionales
FNDA:21,getCondicionesIVA
FNDA:22,getLastVoucher
FNDA:16,buildFeDetReq
FNDA:16,parseAuthorizeResponse
FNDA:5,healthCheck
FNDA:5,getPuntosVenta
DA:1,1
DA:17,1
DA:18,37
DA:23,1
DA:24,104
DA:25,75
DA:26,75
DA:28,29
DA:29,29
DA:30,29
DA:31,29
DA:32,29
DA:33,29
DA:34,29
DA:35,29
DA:36,104
DA:37,0
DA:38,0
DA:39,0
DA:40,104
DA:45,1
DA:46,21
DA:47,21
DA:48,21
DA:49,21
DA:50,21
DA:51,21
DA:52,21
DA:53,21
DA:56,21
DA:57,21
DA:58,20
DA:59,20
DA:60,20
DA:61,20
DA:62,20
DA:65,21
DA:66,21
DA:67,21
DA:68,21
DA:69,21
DA:70,20
DA:71,20
DA:72,20
DA:73,20
DA:74,20
DA:77,21
DA:78,21
DA:79,20
DA:80,20
DA:81,20
DA:82,20
DA:83,20
DA:86,21
DA:87,21
DA:88,1
DA:89,1
DA:90,1
DA:91,1
DA:92,1
DA:95,20
DA:96,21
DA:97,1
DA:98,1
DA:99,1
DA:100,1
DA:101,1
DA:104,19
DA:105,21
DA:106,1
DA:107,1
DA:108,1
DA:109,1
DA:110,1
DA:113,18
DA:114,18
DA:115,18
DA:116,18
DA:117,18
DA:118,18
DA:120,21
DA:121,2
DA:122,2
DA:123,2
DA:124,2
DA:125,2
DA:127,21
DA:130,21
DA:133,21
DA:136,16
DA:137,16
DA:138,16
DA:139,16
DA:140,16
DA:141,16
DA:142,16
DA:143,16
DA:144,16
DA:145,16
DA:146,16
DA:147,16
DA:148,16
DA:149,16
DA:150,16
DA:151,16
DA:152,16
DA:154,16
DA:157,16
DA:159,16
DA:162,16
DA:163,21
DA:164,0
DA:165,0
DA:166,0
DA:167,0
DA:168,0
DA:169,0
DA:170,21
DA:175,1
DA:176,5
DA:177,5
DA:182,5
DA:183,5
DA:184,5
DA:187,5
DA:188,5
DA:189,5
DA:190,1
DA:191,1
DA:192,5
DA:193,2
DA:194,2
DA:195,5
DA:196,1
DA:197,1
DA:198,5
DA:199,1
DA:200,1
DA:201,1
DA:202,1
DA:203,5
DA:206,4
DA:207,4
DA:208,4
DA:209,4
DA:210,4
DA:211,4
DA:212,4
DA:213,4
DA:214,4
DA:215,4
DA:216,4
DA:217,4
DA:220,4
DA:221,5
DA:222,0
DA:223,0
DA:224,0
DA:225,0
DA:226,0
DA:227,0
DA:228,5
DA:233,1
DA:234,21
DA:235,21
DA:236,21
DA:237,21
DA:240,21
DA:241,21
DA:242,1
DA:243,1
DA:246,20
DA:249,20
DA:250,20
DA:251,20
DA:252,20
DA:253,20
DA:254,20
DA:255,20
DA:257,20
DA:258,20
DA:259,20
DA:260,20
DA:261,20
DA:262,20
DA:264,20
DA:265,21
DA:266,0
DA:267,0
DA:268,0
DA:269,21
DA:274,1
DA:275,21
DA:276,21
DA:279,21
DA:280,21
DA:281,1
DA:282,1
DA:285,20
DA:288,20
DA:289,20
DA:290,20
DA:291,20
DA:292,20
DA:293,20
DA:294,20
DA:296,20
DA:297,20
DA:298,20
DA:300,20
DA:301,21
DA:302,0
DA:303,0
DA:304,0
DA:305,21
DA:310,1
DA:311,21
DA:312,21
DA:313,21
DA:314,21
DA:317,21
DA:318,21
DA:319,1
DA:320,1
DA:323,20
DA:326,20
DA:327,20
DA:328,20
DA:329,20
DA:330,20
DA:331,20
DA:332,20
DA:334,20
DA:335,20
DA:336,20
DA:338,20
DA:339,21
DA:340,0
DA:341,0
DA:342,0
DA:343,21
DA:348,1
DA:349,22
DA:350,22
DA:351,22
DA:352,22
DA:355,22
DA:356,22
DA:357,1
DA:358,1
DA:359,1
DA:360,1
DA:361,1
DA:364,21
DA:367,21
DA:368,21
DA:369,21
DA:370,21
DA:371,21
DA:372,21
DA:373,21
DA:374,21
DA:375,21
DA:378,21
DA:380,22
DA:381,2
DA:382,0
DA:383,2
DA:385,2
DA:386,2
DA:387,2
DA:388,2
DA:389,2
DA:390,2
DA:392,22
DA:394,22
DA:396,22
DA:397,22
DA:398,22
DA:399,22
DA:400,22
DA:401,1
DA:402,1
DA:403,1
DA:404,1
DA:405,1
DA:406,1
DA:407,22
DA:412,1
DA:413,16
DA:414,16
DA:415,16
DA:418,16
DA:420,16
DA:421,16
DA:422,16
DA:423,16
DA:424,16
DA:425,16
DA:426,16
DA:427,16
DA:428,16
DA:429,16
DA:430,16
DA:431,16
DA:432,16
DA:433,16
DA:434,16
DA:435,16
DA:436,16
DA:438,16
DA:439,16
DA:440,16
DA:443,16
DA:444,1
DA:445,1
DA:446,1
DA:447,1
DA:450,16
DA:451,14
DA:452,14
DA:453,15
DA:454,15
DA:455,15
DA:456,14
DA:457,14
DA:458,14
DA:461,16
DA:462,1
DA:463,1
DA:464,1
DA:465,1
DA:466,1
DA:467,1
DA:468,1
DA:469,1
DA:470,1
DA:471,1
DA:474,16
DA:475,4
DA:476,4
DA:477,4
DA:478,4
DA:479,4
DA:480,4
DA:481,4
DA:482,4
DA:483,4
DA:485,16
DA:486,16
DA:491,1
DA:492,16
DA:493,16
DA:494,16
DA:495,16
DA:496,16
DA:497,16
DA:500,16
DA:501,2
DA:502,2
DA:503,2
DA:504,2
DA:505,2
DA:506,2
DA:507,2
DA:510,16
DA:512,16
DA:513,1
DA:514,1
DA:515,1
DA:516,1
DA:517,1
DA:519,16
DA:522,16
DA:524,1
DA:525,1
DA:526,0
DA:527,1
DA:528,0
DA:530,1
DA:531,1
DA:532,1
DA:533,1
DA:534,1
DA:535,1
DA:536,1
DA:537,0
DA:538,1
DA:539,1
DA:542,12
DA:543,12
DA:544,12
DA:545,12
DA:546,12
DA:547,12
DA:548,12
DA:549,16
DA:550,16
DA:551,0
DA:552,0
DA:553,0
DA:554,12
DA:555,16
DA:556,16
DA:557,0
DA:558,0
DA:559,0
DA:560,0
DA:561,0
DA:562,0
DA:563,16
DA:568,1
DA:569,5
DA:570,5
DA:571,5
DA:572,1
DA:573,1
DA:575,4
DA:577,4
DA:579,5
DA:580,5
DA:581,1
DA:582,1
DA:583,1
DA:584,5
DA:589,1
DA:590,5
DA:591,5
DA:594,5
DA:595,5
DA:596,1
DA:597,1
DA:600,4
DA:601,5
DA:602,1
DA:603,1
DA:605,3
DA:607,3
DA:608,3
DA:609,3
DA:610,3
DA:611,3
DA:612,3
DA:613,3
DA:615,3
DA:616,3
DA:618,3
DA:620,5
DA:621,3
DA:622,3
DA:625,3
DA:627,3
DA:629,3
DA:630,3
DA:631,3
DA:632,5
DA:633,5
DA:634,5
DA:635,5
DA:636,5
DA:637,5
DA:638,3
DA:639,3
DA:640,3
DA:642,0
DA:643,0
DA:644,0
DA:645,0
DA:646,5
DA:647,2
DA:648,2
DA:649,2
DA:650,2
DA:651,2
DA:652,2
DA:653,5
DA:654,1
DA:657,1
LF:478
LH:437
BRDA:17,0,0,37
BRDA:23,1,0,104
BRDA:24,2,0,75
BRDA:26,3,0,29
BRDA:36,4,0,0
BRDA:45,5,0,21
BRDA:57,6,0,20
BRDA:69,7,0,20
BRDA:78,8,0,20
BRDA:87,9,0,1
BRDA:92,10,0,20
BRDA:96,11,0,1
BRDA:101,12,0,19
BRDA:105,13,0,1
BRDA:110,14,0,18
BRDA:120,15,0,2
BRDA:125,16,0,16
BRDA:127,17,0,14
BRDA:133,18,0,16
BRDA:163,19,0,0
BRDA:175,20,0,5
BRDA:189,21,0,1
BRDA:192,22,0,2
BRDA:195,23,0,1
BRDA:198,24,0,1
BRDA:203,25,0,4
BRDA:221,26,0,0
BRDA:233,27,0,21
BRDA:241,28,0,1
BRDA:243,29,0,20
BRDA:265,30,0,0
BRDA:274,31,0,21
BRDA:280,32,0,1
BRDA:282,33,0,20
BRDA:301,34,0,0
BRDA:310,35,0,21
BRDA:318,36,0,1
BRDA:320,37,0,20
BRDA:339,38,0,0
BRDA:348,39,0,22
BRDA:356,40,0,1
BRDA:361,41,0,21
BRDA:378,42,0,20
BRDA:380,43,0,2
BRDA:381,44,0,0
BRDA:390,45,0,18
BRDA:392,46,0,15
BRDA:400,47,0,1
BRDA:385,48,0,2
BRDA:412,49,0,16
BRDA:423,50,0,0
BRDA:429,51,0,2
BRDA:429,52,0,14
BRDA:431,53,0,2
BRDA:431,54,0,14
BRDA:443,55,0,1
BRDA:450,56,0,14
BRDA:450,57,0,14
BRDA:450,58,0,14
BRDA:461,59,0,1
BRDA:461,60,0,1
BRDA:474,61,0,4
BRDA:474,62,0,4
BRDA:452,63,0,15
BRDA:463,64,0,1
BRDA:476,65,0,4
BRDA:491,66,0,16
BRDA:500,67,0,2
BRDA:501,68,0,1
BRDA:501,69,0,1
BRDA:507,70,0,14
BRDA:510,71,0,13
BRDA:512,72,0,1
BRDA:517,73,0,13
BRDA:519,74,0,0
BRDA:519,75,0,13
BRDA:522,76,0,1
BRDA:525,77,0,0
BRDA:527,78,0,0
BRDA:536,79,0,0
BRDA:539,80,0,12
BRDA:550,81,0,0
BRDA:550,82,0,0
BRDA:553,83,0,12
BRDA:556,84,0,0
BRDA:504,85,0,3
BRDA:505,86,0,3
BRDA:533,87,0,1
BRDA:536,88,0,1
BRDA:568,89,0,5
BRDA:571,90,0,1
BRDA:573,91,0,4
BRDA:577,92,0,3
BRDA:579,93,0,2
BRDA:580,94,0,1
BRDA:589,95,0,5
BRDA:595,96,0,1
BRDA:597,97,0,4
BRDA:601,98,0,1
BRDA:603,99,0,3
BRDA:620,100,0,3
BRDA:622,101,0,0
BRDA:625,102,0,2
BRDA:625,103,0,1
BRDA:640,104,0,0
BRDA:646,105,0,2
BRDA:650,106,0,0
BRDA:631,107,0,5
BRDA:632,108,0,0
BRDA:635,109,0,2
BRDA:635,110,0,2
BRDA:636,111,0,4
BRF:112
BRH:93
end_of_record
